[32mPlacing toolgate: id = 0, price = 14.5560027712, position = 23, edge = 24511548#2
[39m[49m[0m
[32mPlacing toolgate: id = 1, price = 14.9159130908, position = 56, edge = 96823249#0
[39m[49m[0m
[32mPlacing toolgate: id = 2, price = 32.4607551572, position = 54, edge = 24448028#0
[39m[49m[0m
[32mPlacing toolgate: id = 3, price = 44.5114093195, position = 42, edge = 24511548#2
[39m[49m[0m
[32mPlacing toolgate: id = 0, price = 81.2735035684, position = 33, edge = -24511548#2
[39m[49m[0m
[32mPlacing toolgate: id = 1, price = 40.7354370658, position = 34, edge = 24511548#2
[39m[49m[0m
[32mPlacing toolgate: id = 2, price = 14.5473080543, position = 21, edge = 24511548#3
[39m[49m[0m
[32mPlacing toolgate: id = 3, price = 80.6279311528, position = 39, edge = -96823254#0
[39m[49m[0m
[32mPlacing toolgate: id = 0, price = 82.952302401, position = 34, edge = 96823252#2
[39m[49m[0m
[32mPlacing toolgate: id = 1, price = 43.3208111698, position = 42, edge = -161671995#2
[39m[49m[0m
[32mPlacing toolgate: id = 2, price = 22.4525938081, position = 44, edge = 96823255
[39m[49m[0m
[32mPlacing toolgate: id = 3, price = 39.3156316731, position = 16, edge = -96823256
[39m[49m[0m
[32mPlacing toolgate: id = 0, price = 69.9071273362, position = 40, edge = -96823244#5
[39m[49m[0m
[32mPlacing toolgate: id = 1, price = 99.7796724905, position = 58, edge = -24511548#0
[39m[49m[0m
[32mPlacing toolgate: id = 2, price = 63.7228826023, position = 29, edge = 175565015#2
[39m[49m[0m
[32mPlacing toolgate: id = 3, price = 42.5580055032, position = 28, edge = -175565015#1
[39m[49m[0m
[32mPlacing toolgate: id = 0, price = 1.8871003444, position = 24, edge = 96823254#0
[39m[49m[0m
[32mPlacing toolgate: id = 1, price = 24.7831321417, position = 49, edge = 175565015#1
[39m[49m[0m
[32mPlacing toolgate: id = 2, price = 93.864787113, position = 33, edge = -175565015#2
[39m[49m[0m
[32mPlacing toolgate: id = 3, price = 65.5029745681, position = 50, edge = 96823254#0
[39m[49m[0m
[32mPlacing toolgate: id = 0, price = 53.3694657433, position = 45, edge = 24448028#0
[39m[49m[0m
[32mPlacing toolgate: id = 1, price = 25.5942490064, position = 14, edge = 96823255
[39m[49m[0m
[32mPlacing toolgate: id = 2, price = 95.2265609484, position = 42, edge = 24511548#1
[39m[49m[0m
[32mPlacing toolgate: id = 3, price = 13.253434757, position = 33, edge = 175565015#2
[39m[49m[0m
[32mPlacing toolgate: id = 0, price = 55.6323682003, position = 27, edge = 175565015#2
[39m[49m[0m
[32mPlacing toolgate: id = 1, price = 86.1024527742, position = 20, edge = -97817445#1
[39m[49m[0m
[32mPlacing toolgate: id = 2, price = 78.5668857026, position = 57, edge = -96823252#2
[39m[49m[0m
[32mPlacing toolgate: id = 3, price = 89.076344971, position = 53, edge = 96823250
[39m[49m[0m
[32mPlacing toolgate: id = 0, price = 93.3588154667, position = 31, edge = -24511548#2
[39m[49m[0m
[32mPlacing toolgate: id = 1, price = 8.33993785606, position = 44, edge = -96823252#1
[39m[49m[0m
[32mPlacing toolgate: id = 2, price = 97.4370550095, position = 45, edge = -24448028#1
[39m[49m[0m
[32mPlacing toolgate: id = 3, price = 81.527334681, position = 38, edge = -24511548#1
[39m[49m[0m
[32mPlacing toolgate: id = 0, price = 56.5692320455, position = 29, edge = -96823255
[39m[49m[0m
[32mPlacing toolgate: id = 1, price = 16.9538263778, position = 24, edge = -97817445#1
[39m[49m[0m
[32mPlacing toolgate: id = 2, price = 30.1276947264, position = 47, edge = 96823243
[39m[49m[0m
[32mPlacing toolgate: id = 3, price = 18.8752230929, position = 20, edge = 24511548#3
[39m[49m[0m
[32mPlacing toolgate: id = 0, price = 29.9814177367, position = 33, edge = 96823252#0
[39m[49m[0m
[32mPlacing toolgate: id = 1, price = 27.1073206564, position = 28, edge = 96823256
[39m[49m[0m
[32mPlacing toolgate: id = 2, price = 77.3254263424, position = 32, edge = -96823243
[39m[49m[0m
[32mPlacing toolgate: id = 3, price = 83.5248650494, position = 40, edge = -96823249#1
[39m[49m[0m
[32mPlacing toolgate: id = 0, price = 24.1538783929, position = 46, edge = -161671995#2
[39m[49m[0m
[32mPlacing toolgate: id = 1, price = 2.4710430998, position = 27, edge = -24448028#0
[39m[49m[0m
[32mPlacing toolgate: id = 2, price = 16.5318041435, position = 33, edge = -96823257
[39m[49m[0m
[32mPlacing toolgate: id = 3, price = 54.9601763048, position = 18, edge = 24511548#1
[39m[49m[0m
[32mPlacing toolgate: id = 0, price = 69.6076591163, position = 49, edge = -175565015#2
[39m[49m[0m
[32mPlacing toolgate: id = 1, price = 96.9017969105, position = 35, edge = -96823252#1
[39m[49m[0m
[32mPlacing toolgate: id = 2, price = 77.4791133392, position = 41, edge = 96823257
[39m[49m[0m
[32mPlacing toolgate: id = 3, price = 18.8366867117, position = 46, edge = -96823249#2
[39m[49m[0m
[32mPlacing toolgate: id = 0, price = 68.7134979959, position = 49, edge = -24511548#0
[39m[49m[0m
[32mPlacing toolgate: id = 1, price = 2.54619017928, position = 16, edge = -96823256
[39m[49m[0m
[32mPlacing toolgate: id = 2, price = 32.2989074115, position = 60, edge = -96823244#6
[39m[49m[0m
[32mPlacing toolgate: id = 3, price = 98.5344451624, position = 21, edge = 24448028#1
[39m[49m[0m
[32mPlacing toolgate: id = 0, price = 24.0274804274, position = 50, edge = -96823249#2
[39m[49m[0m
[32mPlacing toolgate: id = 1, price = 11.1952697481, position = 54, edge = 96823252#2
[39m[49m[0m
[32mPlacing toolgate: id = 2, price = 91.297971675, position = 24, edge = 96823251
[39m[49m[0m
[32mPlacing toolgate: id = 3, price = 48.3749651023, position = 22, edge = 96823255
[39m[49m[0m
[32mPlacing toolgate: id = 0, price = 84.5936309241, position = 16, edge = -96823257
[39m[49m[0m
[32mPlacing toolgate: id = 1, price = 43.9697394568, position = 25, edge = 24511548#0
[39m[49m[0m
[32mPlacing toolgate: id = 2, price = 0.207214200553, position = 47, edge = -96823256
[39m[49m[0m
[32mPlacing toolgate: id = 3, price = 42.2220507882, position = 23, edge = 96823252#0
[39m[49m[0m
[32mPlacing toolgate: id = 0, price = 26.6010028082, position = 40, edge = -24448028#1
[39m[49m[0m
[32mPlacing toolgate: id = 1, price = 24.4084340576, position = 11, edge = -96823252#2
[39m[49m[0m
[32mPlacing toolgate: id = 2, price = 41.8489539779, position = 58, edge = -24448028#2
[39m[49m[0m
[32mPlacing toolgate: id = 3, price = 20.769252644, position = 14, edge = 96823245
[39m[49m[0m
[32mPlacing toolgate: id = 0, price = 66.3974465521, position = 44, edge = -175565015#2
[39m[49m[0m
[32mPlacing toolgate: id = 1, price = 82.7669105272, position = 60, edge = -96823254#3
[39m[49m[0m
[32mPlacing toolgate: id = 2, price = 29.3313128239, position = 14, edge = 96823256
[39m[49m[0m
[32mPlacing toolgate: id = 3, price = 60.8134492533, position = 16, edge = 175565015#2
[39m[49m[0m
[32mPlacing toolgate: id = 0, price = 85.3027767725, position = 22, edge = -161671995#2
[39m[49m[0m
[32mPlacing toolgate: id = 1, price = 46.5524198606, position = 36, edge = -97817445#1
[39m[49m[0m
[32mPlacing toolgate: id = 2, price = 38.4934867426, position = 24, edge = -24511548#2
[39m[49m[0m
[32mPlacing toolgate: id = 3, price = 33.5202515509, position = 13, edge = -96823252#2
[39m[49m[0m
[32mPlacing toolgate: id = 0, price = 20.21866773, position = 22, edge = 96823254#0
[39m[49m[0m
[32mPlacing toolgate: id = 1, price = 25.0448305755, position = 24, edge = -24448028#1
[39m[49m[0m
[32mPlacing toolgate: id = 2, price = 98.0868260155, position = 53, edge = -161671995#0
[39m[49m[0m
[32mPlacing toolgate: id = 3, price = 23.2653525887, position = 44, edge = -96823244#5
[39m[49m[0m
[32mPlacing toolgate: id = 0, price = 94.1061962287, position = 20, edge = 96823248
[39m[49m[0m
[32mPlacing toolgate: id = 1, price = 58.1880171304, position = 34, edge = -96823252#1
[39m[49m[0m
[32mPlacing toolgate: id = 2, price = 57.9299959979, position = 22, edge = 96823250
[39m[49m[0m
[32mPlacing toolgate: id = 3, price = 74.9455205383, position = 32, edge = 96823256
[39m[49m[0m
gen	nevals	avg    	std    	min    	max    
0  	20    	2440.67	2832.73	23.2029	8194.99
[32mPlacing toolgate: id = 0, price = 62.4020792025, position = 45.8567464521, edge = -96823249#0
[39m[49m[0m
[32mPlacing toolgate: id = 1, price = 111.225178813, position = 44.0198239271, edge = 96823250
[39m[49m[0m
[32mPlacing toolgate: id = 2, price = 85.3155095894, position = 31.5297421512, edge = 96823257
[39m[49m[0m
[32mPlacing toolgate: id = 3, price = 72.0569594951, position = 46.4233793753, edge = -96823249#2
[39m[49m[0m
[32mPlacing toolgate: id = 0, price = 9.09268025812, position = 27.1432535479, edge = 96823255
[39m[49m[0m
[32mPlacing toolgate: id = 1, price = 10.459750239, position = 39.9801760729, edge = 96823244#5
[39m[49m[0m
[32mPlacing toolgate: id = 2, price = 86.0283908628, position = 42.4702578488, edge = 96823253
[39m[49m[0m
[32mPlacing toolgate: id = 3, price = 10.9110287927, position = 49.5766206247, edge = 96823244#5
[39m[49m[0m
[32mPlacing toolgate: id = 0, price = 55.6323682003, position = 24.8258978092, edge = 175565015#2
[39m[49m[0m
[32mPlacing toolgate: id = 1, price = 86.1024527742, position = 20, edge = -97817445#1
[39m[49m[0m
[32mPlacing toolgate: id = 2, price = 78.5668857026, position = 57, edge = -96823252#2
[39m[49m[0m
[32mPlacing toolgate: id = 3, price = 89.076344971, position = 53, edge = 96823250
[39m[49m[0m
[32mPlacing toolgate: id = 0, price = 36.1301769852, position = 26.6890654215, edge = 96823249#1
[39m[49m[0m
[32mPlacing toolgate: id = 1, price = 33.3293068618, position = 22.2401503307, edge = -175565015#2
[39m[49m[0m
[32mPlacing toolgate: id = 2, price = 86.9826111717, position = 52.5154711398, edge = 96823243
[39m[49m[0m
[32mPlacing toolgate: id = 3, price = 14.4573875775, position = 51.6731474568, edge = -96823254#0
[39m[49m[0m
[32mPlacing toolgate: id = 0, price = 41.0720204988, position = 22.3109345785, edge = 96823254#0
[39m[49m[0m
[32mPlacing toolgate: id = 1, price = 77.8179764879, position = 21.7598496693, edge = 96823253
[39m[49m[0m
[32mPlacing toolgate: id = 2, price = 89.6711005464, position = 56.1162267431, edge = -161671995#0
[39m[49m[0m
[32mPlacing toolgate: id = 3, price = 97.8843099822, position = 45.3268525432, edge = 96823244#6
[39m[49m[0m
[32mPlacing toolgate: id = 0, price = 35.3614741565, position = 22.9467646291, edge = 96823249#0
[39m[49m[0m
[32mPlacing toolgate: id = 1, price = 24.4641515916, position = 38.0148700053, edge = 175565015#2
[39m[49m[0m
[32mPlacing toolgate: id = 2, price = 85.3038815523, position = 32.8700569525, edge = 24511548#1
[39m[49m[0m
[32mPlacing toolgate: id = 3, price = 69.3146905062, position = 49.4947055003, edge = 96823256
[39m[49m[0m
[32mPlacing toolgate: id = 0, price = -3.49295607539, position = 34.0532353709, edge = -96823252#0
[39m[49m[0m
[32mPlacing toolgate: id = 1, price = 27.4263012065, position = 38.9851299947, edge = 96823256
[39m[49m[0m
[32mPlacing toolgate: id = 2, price = 85.8863319031, position = 32.1299430475, edge = -96823244#0
[39m[49m[0m
[32mPlacing toolgate: id = 3, price = 79.7131491113, position = 40.5052944997, edge = 175565015#2
[39m[49m[0m
[32mPlacing toolgate: id = 0, price = 53.3694657433, position = 45, edge = 24448028#0
[39m[49m[0m
[32mPlacing toolgate: id = 1, price = 25.5942490064, position = 14, edge = 96823255
[39m[49m[0m
[32mPlacing toolgate: id = 2, price = 95.2265609484, position = 42, edge = 24511548#1
[39m[49m[0m
[32mPlacing toolgate: id = 3, price = 13.253434757, position = 33, edge = 175565015#2
[39m[49m[0m
[32mPlacing toolgate: id = 0, price = 96.7380938639, position = 40.4738922724, edge = -175565015#1
[39m[49m[0m
[32mPlacing toolgate: id = 1, price = 4.6012446837, position = 31.9798745471, edge = -96823252#1
[39m[49m[0m
[32mPlacing toolgate: id = 2, price = 86.9945125127, position = 40.4290401716, edge = 96823257
[39m[49m[0m
[32mPlacing toolgate: id = 3, price = 11.6643399595, position = 40.5491176261, edge = 96823252#0
[39m[49m[0m
[32mPlacing toolgate: id = 0, price = 66.2283807191, position = 39.5261077276, edge = -96823244#6
[39m[49m[0m
[32mPlacing toolgate: id = 1, price = 100.640490083, position = 43.4128938609, edge = -96823252#1
[39m[49m[0m
[32mPlacing toolgate: id = 2, price = 87.9216558359, position = 45.5709598284, edge = -96823245
[39m[49m[0m
[32mPlacing toolgate: id = 3, price = 88.6996814333, position = 43.4508823739, edge = -96823245
[39m[49m[0m
1  	10    	2808.54	3133.33	23.2029	9614.18
[32mPlacing toolgate: id = 0, price = 14.2670393784, position = 22.5549693256, edge = 96823252#1
[39m[49m[0m
[32mPlacing toolgate: id = 1, price = 48.1024545112, position = 19.4162261335, edge = -24448028#1
[39m[49m[0m
[32mPlacing toolgate: id = 2, price = 47.6821108384, position = 53.7187466764, edge = -96823254#0
[39m[49m[0m
[32mPlacing toolgate: id = 3, price = 81.0818936239, position = 45.1626513815, edge = -96823252#2
[39m[49m[0m
[32mPlacing toolgate: id = 0, price = 41.3609838916, position = 22.7559652529, edge = 96823244#6
[39m[49m[0m
[32mPlacing toolgate: id = 1, price = 44.6314350675, position = 58.3436235357, edge = 96823257
[39m[49m[0m
[32mPlacing toolgate: id = 2, price = 74.4497448652, position = 56.3974800667, edge = 96823252#0
[39m[49m[0m
[32mPlacing toolgate: id = 3, price = 61.3138256777, position = 42.1642011618, edge = -96823243
[39m[49m[0m
[32mPlacing toolgate: id = 0, price = 60.096761972, position = 44.9981595898, edge = 175565015#1
[39m[49m[0m
[32mPlacing toolgate: id = 1, price = 109.231021795, position = 17.8938045818, edge = 96823249#2
[39m[49m[0m
[32mPlacing toolgate: id = 2, price = 90.5151079452, position = 44.8194341336, edge = 96823256
[39m[49m[0m
[32mPlacing toolgate: id = 3, price = 79.4471656193, position = 46.5895258312, edge = 175565015#2
[39m[49m[0m
[32mPlacing toolgate: id = 0, price = 43.3773377294, position = 23.1695214409, edge = -161671995#0
[39m[49m[0m
[32mPlacing toolgate: id = 1, price = 79.8121335061, position = 47.8858690145, edge = 97817445#1
[39m[49m[0m
[32mPlacing toolgate: id = 2, price = 84.4715021907, position = 42.8265347607, edge = 96823254#3
[39m[49m[0m
[32mPlacing toolgate: id = 3, price = 90.4941038579, position = 45.1607060874, edge = 175565015#1
[39m[49m[0m
[32mPlacing toolgate: id = 0, price = 6.28805217608, position = 22.9390120996, edge = -96823254#3
[39m[49m[0m
[32mPlacing toolgate: id = 1, price = 14.3865820171, position = 53.2740183409, edge = -24448028#1
[39m[49m[0m
[32mPlacing toolgate: id = 2, price = 103.65613658, position = 47.0268047627, edge = 96823257
[39m[49m[0m
[32mPlacing toolgate: id = 3, price = 39.407515571, position = 38.4633497374, edge = 24511548#3
[39m[49m[0m
[32mPlacing toolgate: id = 0, price = 101.626766062, position = 31.0609879004, edge = 24511548#1
[39m[49m[0m
[32mPlacing toolgate: id = 1, price = 8.86926892974, position = 46.7259816591, edge = -96823256
[39m[49m[0m
[32mPlacing toolgate: id = 2, price = 26.2416735866, position = 51.9731952373, edge = 96823248
[39m[49m[0m
[32mPlacing toolgate: id = 3, price = 86.6312284295, position = 41.5366502626, edge = -24511548#1
[39m[49m[0m
[32mPlacing toolgate: id = 0, price = 96.7380938639, position = 40.4738922724, edge = -175565015#1
[39m[49m[0m
[32mPlacing toolgate: id = 1, price = 4.6012446837, position = 31.9798745471, edge = -96823252#1
[39m[49m[0m
[32mPlacing toolgate: id = 2, price = 86.9945125127, position = 40.4290401716, edge = 96823257
[39m[49m[0m
[32mPlacing toolgate: id = 3, price = 11.6643399595, position = 40.5491176261, edge = 96823252#0
[39m[49m[0m
[32mPlacing toolgate: id = 0, price = 55.6671272252, position = 32.2302976829, edge = 161671995#2
[39m[49m[0m
[32mPlacing toolgate: id = 1, price = 5.82576554741, position = 44.5965308731, edge = -96823255
[39m[49m[0m
[32mPlacing toolgate: id = 2, price = 24.8663984443, position = 31.8752118316, edge = -161671995#2
[39m[49m[0m
[32mPlacing toolgate: id = 3, price = 79.6649549795, position = 15.4723845866, edge = 96823251
[39m[49m[0m
[32mPlacing toolgate: id = 0, price = 61.8455666344, position = 44.7697023171, edge = 96823249#1
[39m[49m[0m
[32mPlacing toolgate: id = 1, price = 4.98521540845, position = 26.4034691269, edge = -175565015#1
[39m[49m[0m
[32mPlacing toolgate: id = 2, price = 89.1024607087, position = 46.1247881684, edge = 96823256
[39m[49m[0m
[32mPlacing toolgate: id = 3, price = 56.8225560064, position = 40.5276154134, edge = 24448028#1
[39m[49m[0m
2  	9     	2584.46	2797.46	23.2029	7412.97
[32mPlacing toolgate: id = 0, price = 62.4020792025, position = 45.8567464521, edge = -96823249#0
[39m[49m[0m
[32mPlacing toolgate: id = 1, price = 111.225178813, position = 44.0198239271, edge = 96823250
[39m[49m[0m
[32mPlacing toolgate: id = 2, price = 85.3155095894, position = 31.5297421512, edge = 96823257
[39m[49m[0m
[32mPlacing toolgate: id = 3, price = 72.0569594951, position = 46.4233793753, edge = -96823249#2
[39m[49m[0m
[32mPlacing toolgate: id = 0, price = 62.4020792025, position = 45.8567464521, edge = -96823249#0
[39m[49m[0m
[32mPlacing toolgate: id = 1, price = 111.225178813, position = 44.0198239271, edge = 96823250
[39m[49m[0m
[32mPlacing toolgate: id = 2, price = 85.3155095894, position = 31.5297421512, edge = 96823257
[39m[49m[0m
[32mPlacing toolgate: id = 3, price = 72.0569594951, position = 46.4233793753, edge = -96823249#2
[39m[49m[0m
[32mPlacing toolgate: id = 0, price = -5.82968120143, position = 22.9488360649, edge = -24511548#2
[39m[49m[0m
[32mPlacing toolgate: id = 1, price = 29.9626256737, position = 37.1257113712, edge = -96823244#6
[39m[49m[0m
[32mPlacing toolgate: id = 2, price = 20.2203671034, position = 17.7536257444, edge = -96823243
[39m[49m[0m
[32mPlacing toolgate: id = 3, price = 69.484365408, position = 38.873081483, edge = -96823254#0
[39m[49m[0m
[32mPlacing toolgate: id = 0, price = 93.3912369459, position = 32.9901760347, edge = -96823254#3
[39m[49m[0m
[32mPlacing toolgate: id = 1, price = 25.1593934092, position = 50.1483069697, edge = -96823244#5
[39m[49m[0m
[32mPlacing toolgate: id = 2, price = 97.9830775308, position = 50.2731790183, edge = 24511548#0
[39m[49m[0m
[32mPlacing toolgate: id = 3, price = 50.5510813158, position = 38.5902682544, edge = 24448028#1
[39m[49m[0m
[32mPlacing toolgate: id = 0, price = 35.3614741565, position = 22.9467646291, edge = 96823249#0
[39m[49m[0m
[32mPlacing toolgate: id = 1, price = 24.4641515916, position = 38.3426939771, edge = 175565015#2
[39m[49m[0m
[32mPlacing toolgate: id = 2, price = 85.3038815523, position = 32.8700569525, edge = 24511548#1
[39m[49m[0m
[32mPlacing toolgate: id = 3, price = 69.3146905062, position = 49.4947055003, edge = 96823256
[39m[49m[0m
[32mPlacing toolgate: id = 0, price = 62.4020792025, position = 45.8567464521, edge = -96823249#0
[39m[49m[0m
[32mPlacing toolgate: id = 1, price = 111.225178813, position = 44.0198239271, edge = 96823250
[39m[49m[0m
[32mPlacing toolgate: id = 2, price = 85.3155095894, position = 31.5297421512, edge = 96823257
[39m[49m[0m
[32mPlacing toolgate: id = 3, price = 72.0569594951, position = 46.4233793753, edge = -96823249#2
[39m[49m[0m
[32mPlacing toolgate: id = 0, price = 83.2626626719, position = 39.7258523381, edge = -24448028#1
[39m[49m[0m
[32mPlacing toolgate: id = 1, price = 91.3643579648, position = 39.5596934313, edge = -96823244#0
[39m[49m[0m
[32mPlacing toolgate: id = 2, price = 80.1059498706, position = 21.9186106931, edge = 96823249#0
[39m[49m[0m
[32mPlacing toolgate: id = 3, price = 75.4856702586, position = 39.1276804912, edge = 96823257
[39m[49m[0m
[32mPlacing toolgate: id = 0, price = 60.4129200991, position = 39.1308941141, edge = 96823254#3
[39m[49m[0m
[32mPlacing toolgate: id = 1, price = 60.5962579143, position = 38.4601304958, edge = -24448028#2
[39m[49m[0m
[32mPlacing toolgate: id = 2, price = 19.7568677731, position = 30.611131458, edge = 24511548#2
[39m[49m[0m
[32mPlacing toolgate: id = 3, price = 77.1992203893, position = 46.2956988841, edge = 96823257
[39m[49m[0m
3  	8     	2620.97	2854.33	23.2029	8928.86
[32mPlacing toolgate: id = 0, price = 35.3614741565, position = 22.9467646291, edge = 96823249#0
[39m[49m[0m
[32mPlacing toolgate: id = 1, price = 24.4641515916, position = 38.0148700053, edge = 175565015#2
[39m[49m[0m
[32mPlacing toolgate: id = 2, price = 85.3038815523, position = 32.8700569525, edge = 24511548#1
[39m[49m[0m
[32mPlacing toolgate: id = 3, price = 69.3146905062, position = 49.4947055003, edge = 96823256
[39m[49m[0m
[32mPlacing toolgate: id = 0, price = 35.3614741565, position = 22.9467646291, edge = 96823249#0
[39m[49m[0m
[32mPlacing toolgate: id = 1, price = 24.4641515916, position = 38.0148700053, edge = 175565015#2
[39m[49m[0m
[32mPlacing toolgate: id = 2, price = 85.3038815523, position = 32.8700569525, edge = 24511548#1
[39m[49m[0m
[32mPlacing toolgate: id = 3, price = 69.3146905062, position = 49.4947055003, edge = 96823256
[39m[49m[0m
[32mPlacing toolgate: id = 0, price = 35.3614741565, position = 22.9467646291, edge = 96823249#0
[39m[49m[0m
[32mPlacing toolgate: id = 1, price = 24.4641515916, position = 38.0148700053, edge = 175565015#2
[39m[49m[0m
[32mPlacing toolgate: id = 2, price = 85.3038815523, position = 32.8700569525, edge = 24511548#1
[39m[49m[0m
[32mPlacing toolgate: id = 3, price = 69.3146905062, position = 49.4947055003, edge = 96823256
[39m[49m[0m
[32mPlacing toolgate: id = 0, price = 35.3614741565, position = 22.9467646291, edge = 96823249#0
[39m[49m[0m
[32mPlacing toolgate: id = 1, price = 23.3483132148, position = 38.0148700053, edge = 175565015#2
[39m[49m[0m
[32mPlacing toolgate: id = 2, price = 85.3038815523, position = 32.8700569525, edge = 24511548#1
[39m[49m[0m
[32mPlacing toolgate: id = 3, price = 69.3146905062, position = 49.4947055003, edge = 96823256
[39m[49m[0m
[32mPlacing toolgate: id = 0, price = 69.3026874825, position = 41.8535644715, edge = 24511548#1
[39m[49m[0m
[32mPlacing toolgate: id = 1, price = 43.2496229707, position = 29.6031432828, edge = 96823249#1
[39m[49m[0m
[32mPlacing toolgate: id = 2, price = 57.5470192346, position = 43.5380077011, edge = 24511548#1
[39m[49m[0m
[32mPlacing toolgate: id = 3, price = 79.0292028376, position = 43.4424024217, edge = 96823254#0
[39m[49m[0m
[32mPlacing toolgate: id = 0, price = 92.4208405514, position = 34.2055830187, edge = 175565015#1
[39m[49m[0m
[32mPlacing toolgate: id = 1, price = 74.8506677541, position = 35.0166429582, edge = -161671995#0
[39m[49m[0m
[32mPlacing toolgate: id = 2, price = 59.2097622972, position = 53.2546216697, edge = -24448028#2
[39m[49m[0m
[32mPlacing toolgate: id = 3, price = 87.0491912113, position = 44.6837736721, edge = -24511548#2
[39m[49m[0m
[32mPlacing toolgate: id = 0, price = 35.3614741565, position = 22.9467646291, edge = 96823249#0
[39m[49m[0m
[32mPlacing toolgate: id = 1, price = 24.4641515916, position = 38.0148700053, edge = 175565015#2
[39m[49m[0m
[32mPlacing toolgate: id = 2, price = 85.3038815523, position = 32.8700569525, edge = 24511548#1
[39m[49m[0m
[32mPlacing toolgate: id = 3, price = 69.3146905062, position = 49.4947055003, edge = 96823256
[39m[49m[0m
4  	7     	3066.05	3161   	23.2029	8850.14
[32mPlacing toolgate: id = 0, price = 61.5245589419, position = 29.9168979953, edge = -24511548#1
[39m[49m[0m
[32mPlacing toolgate: id = 1, price = 36.3535568144, position = 38.4505898233, edge = -175565015#1
[39m[49m[0m
[32mPlacing toolgate: id = 2, price = 14.5467668906, position = 27.5426594348, edge = 96823244#0
[39m[49m[0m
[32mPlacing toolgate: id = 3, price = 75.8811863577, position = 39.2057360861, edge = -24511548#3
[39m[49m[0m
[32mPlacing toolgate: id = 0, price = 55.110418783, position = 26.0298666338, edge = 96823257
[39m[49m[0m
[32mPlacing toolgate: id = 1, price = 28.846031843, position = 33.564280182, edge = -96823248
[39m[49m[0m
[32mPlacing toolgate: id = 2, price = 85.304422716, position = 26.3273975178, edge = 24511548#3
[39m[49m[0m
[32mPlacing toolgate: id = 3, price = 74.0614353013, position = 49.2889694142, edge = -96823244#0
[39m[49m[0m
[32mPlacing toolgate: id = 0, price = 35.3614741565, position = 20.1855576388, edge = 96823249#0
[39m[49m[0m
[32mPlacing toolgate: id = 1, price = 24.4641515916, position = 38.0148700053, edge = 175565015#2
[39m[49m[0m
[32mPlacing toolgate: id = 2, price = 84.1500859274, position = 33.8700389067, edge = 24511548#1
[39m[49m[0m
[32mPlacing toolgate: id = 3, price = 69.3146905062, position = 49.4947055003, edge = 96823256
[39m[49m[0m
[32mPlacing toolgate: id = 0, price = 35.3614741565, position = 22.9467646291, edge = 96823257
[39m[49m[0m
[32mPlacing toolgate: id = 1, price = 24.4641515916, position = 38.3426939771, edge = 175565015#2
[39m[49m[0m
[32mPlacing toolgate: id = 2, price = 85.3038815523, position = 31.9899458192, edge = 24511548#1
[39m[49m[0m
[32mPlacing toolgate: id = 3, price = 69.3146905062, position = 49.4947055003, edge = 96823256
[39m[49m[0m
[32mPlacing toolgate: id = 0, price = 56.6722105791, position = 23.9021080548, edge = 24511548#0
[39m[49m[0m
[32mPlacing toolgate: id = 1, price = 24.4514745872, position = 37.4189165894, edge = -96823252#2
[39m[49m[0m
[32mPlacing toolgate: id = 2, price = 19.594611108, position = 24.6969853621, edge = 96823244#0
[39m[49m[0m
[32mPlacing toolgate: id = 3, price = 76.8658266241, position = 49.7917602729, edge = 96823252#0
[39m[49m[0m
[32mPlacing toolgate: id = 0, price = 59.9627671458, position = 32.0446565742, edge = -96823254#3
[39m[49m[0m
[32mPlacing toolgate: id = 1, price = 40.7481140702, position = 34.9237773877, edge = -96823251
[39m[49m[0m
[32mPlacing toolgate: id = 2, price = 80.2565784986, position = 29.1730715904, edge = 24511548#3
[39m[49m[0m
[32mPlacing toolgate: id = 3, price = 73.0767950349, position = 38.7029452273, edge = 96823253
[39m[49m[0m
[32mPlacing toolgate: id = 0, price = 35.3614741565, position = 22.9467646291, edge = 96823249#0
[39m[49m[0m
[32mPlacing toolgate: id = 1, price = 24.4641515916, position = 38.3426939771, edge = 175565015#2
[39m[49m[0m
[32mPlacing toolgate: id = 2, price = 85.3038815523, position = 32.8700569525, edge = 24511548#1
[39m[49m[0m
[32mPlacing toolgate: id = 3, price = 69.3146905062, position = 49.4947055003, edge = 96823256
[39m[49m[0m
[32mPlacing toolgate: id = 0, price = 35.3614741565, position = 22.9467646291, edge = 96823249#0
[39m[49m[0m
[32mPlacing toolgate: id = 1, price = 24.4641515916, position = 38.3426939771, edge = 175565015#2
[39m[49m[0m
[32mPlacing toolgate: id = 2, price = 85.3038815523, position = 32.8700569525, edge = 24511548#1
[39m[49m[0m
[32mPlacing toolgate: id = 3, price = 69.3146905062, position = 49.4947055003, edge = 96823256
[39m[49m[0m
[32mPlacing toolgate: id = 0, price = 78.8738062701, position = 26.4638283487, edge = 96823252#0
[39m[49m[0m
[32mPlacing toolgate: id = 1, price = 24.7042978465, position = 34.6793810735, edge = 24448028#1
[39m[49m[0m
[32mPlacing toolgate: id = 2, price = 70.4335043475, position = 22.2694072994, edge = 24511548#1
[39m[49m[0m
[32mPlacing toolgate: id = 3, price = 73.2392381626, position = 40.0078140882, edge = 96823256
[39m[49m[0m
[32mPlacing toolgate: id = 0, price = 37.7611714548, position = 29.4829362804, edge = -96823254#3
[39m[49m[0m
[32mPlacing toolgate: id = 1, price = 40.4952908109, position = 37.3354889319, edge = 175565015#1
[39m[49m[0m
[32mPlacing toolgate: id = 2, price = 27.750803489, position = 31.6006496531, edge = 24511548#1
[39m[49m[0m
[32mPlacing toolgate: id = 3, price = 77.3996335216, position = 48.486891412, edge = -24511548#2
[39m[49m[0m
[32mPlacing toolgate: id = 0, price = 34.5261111071, position = 22.9467646291, edge = 96823249#0
[39m[49m[0m
[32mPlacing toolgate: id = 1, price = 26.4953254298, position = 38.3426939771, edge = 175565015#2
[39m[49m[0m
[32mPlacing toolgate: id = 2, price = 85.3038815523, position = 32.8700569525, edge = 24511548#1
[39m[49m[0m
[32mPlacing toolgate: id = 3, price = 69.3146905062, position = 49.4947055003, edge = 96823256
[39m[49m[0m
[32mPlacing toolgate: id = 0, price = 81.2735035684, position = 33, edge = -24511548#2
[39m[49m[0m
[32mPlacing toolgate: id = 1, price = 40.7354370658, position = 33.023221012, edge = 24511548#2
[39m[49m[0m
[32mPlacing toolgate: id = 2, price = 14.5473080543, position = 20.4538568008, edge = 24511548#3
[39m[49m[0m
[32mPlacing toolgate: id = 3, price = 80.6279311528, position = 39, edge = -96823254#0
[39m[49m[0m
5  	12    	2740.03	2839.83	23.2029	7148.17
[32mPlacing toolgate: id = 0, price = 36.4260874321, position = 23.0014816892, edge = -24511548#2
[39m[49m[0m
[32mPlacing toolgate: id = 1, price = 24.4902706194, position = 38.2808892868, edge = -96823248
[39m[49m[0m
[32mPlacing toolgate: id = 2, price = 80.6154134986, position = 42.2254453513, edge = 96823244#0
[39m[49m[0m
[32mPlacing toolgate: id = 3, price = 42.0517236991, position = 42.3660516089, edge = -96823243
[39m[49m[0m
[32mPlacing toolgate: id = 0, price = 13.4913894956, position = 22.9452829399, edge = -175565015#0
[39m[49m[0m
[32mPlacing toolgate: id = 1, price = 14.8897940629, position = 55.7339807185, edge = 175565015#1
[39m[49m[0m
[32mPlacing toolgate: id = 2, price = 37.1492232109, position = 44.6446116012, edge = 24448028#0
[39m[49m[0m
[32mPlacing toolgate: id = 3, price = 71.7743761265, position = 49.1286538913, edge = 175565015#1
[39m[49m[0m
[32mPlacing toolgate: id = 0, price = 81.2735035684, position = 33, edge = -24511548#2
[39m[49m[0m
[32mPlacing toolgate: id = 1, price = 40.7354370658, position = 34, edge = 24511548#2
[39m[49m[0m
[32mPlacing toolgate: id = 2, price = 13.4339536282, position = 21, edge = 24511548#3
[39m[49m[0m
[32mPlacing toolgate: id = 3, price = 80.6279311528, position = 39, edge = -96823254#0
[39m[49m[0m
[32mPlacing toolgate: id = 0, price = 81.2735035684, position = 33, edge = -24511548#2
[39m[49m[0m
[32mPlacing toolgate: id = 1, price = 40.7354370658, position = 29.52137584, edge = 24511548#2
[39m[49m[0m
[32mPlacing toolgate: id = 2, price = 14.5473080543, position = 21, edge = 24511548#3
[39m[49m[0m
[32mPlacing toolgate: id = 3, price = 80.6279311528, position = 39, edge = -96823244#6
[39m[49m[0m
[32mPlacing toolgate: id = 0, price = 81.2735035684, position = 33, edge = 161671995#2
[39m[49m[0m
[32mPlacing toolgate: id = 1, price = 40.7354370658, position = 34, edge = 24511548#2
[39m[49m[0m
[32mPlacing toolgate: id = 2, price = 14.5473080543, position = 20.6754343234, edge = 24511548#3
[39m[49m[0m
[32mPlacing toolgate: id = 3, price = 80.6279311528, position = 39, edge = -96823254#0
[39m[49m[0m
[32mPlacing toolgate: id = 0, price = 81.2735035684, position = 33, edge = -24511548#2
[39m[49m[0m
[32mPlacing toolgate: id = 1, price = 40.7354370658, position = 34, edge = 24511548#2
[39m[49m[0m
[32mPlacing toolgate: id = 2, price = 14.5473080543, position = 21, edge = 24511548#3
[39m[49m[0m
[32mPlacing toolgate: id = 3, price = 80.6279311528, position = 39, edge = -24511548#1
[39m[49m[0m
[32mPlacing toolgate: id = 0, price = 81.2735035684, position = 33, edge = -24511548#2
[39m[49m[0m
[32mPlacing toolgate: id = 1, price = 40.7354370658, position = 34, edge = 24511548#2
[39m[49m[0m
[32mPlacing toolgate: id = 2, price = 14.5473080543, position = 20.1265461749, edge = 24511548#3
[39m[49m[0m
[32mPlacing toolgate: id = 3, price = 80.6279311528, position = 39, edge = -96823254#0
[39m[49m[0m
[32mPlacing toolgate: id = 0, price = 81.2735035684, position = 33, edge = -24511548#2
[39m[49m[0m
[32mPlacing toolgate: id = 1, price = 40.7354370658, position = 34, edge = 24511548#2
[39m[49m[0m
[32mPlacing toolgate: id = 2, price = 14.5473080543, position = 22.3615238316, edge = 24511548#3
[39m[49m[0m
[32mPlacing toolgate: id = 3, price = 80.6279311528, position = 39, edge = -96823254#0
[39m[49m[0m
6  	8     	3020.76	3061.12	23.1405	7777.4 
[32mPlacing toolgate: id = 0, price = 81.2735035684, position = 33, edge = -24511548#2
[39m[49m[0m
[32mPlacing toolgate: id = 1, price = 40.7354370658, position = 34, edge = 24511548#2
[39m[49m[0m
[32mPlacing toolgate: id = 2, price = 14.5473080543, position = 21, edge = 24511548#3
[39m[49m[0m
[32mPlacing toolgate: id = 3, price = 80.6279311528, position = 39, edge = -96823254#0
[39m[49m[0m
[32mPlacing toolgate: id = 0, price = 81.2735035684, position = 33.0, edge = -24511548#2
[39m[49m[0m
[32mPlacing toolgate: id = 1, price = 40.7354370658, position = 34.0, edge = 24511548#2
[39m[49m[0m
[32mPlacing toolgate: id = 2, price = 14.5473080543, position = 22.0063731294, edge = 24511548#3
[39m[49m[0m
[32mPlacing toolgate: id = 3, price = 80.6279311528, position = 39.0, edge = -96823254#0
[39m[49m[0m
[32mPlacing toolgate: id = 0, price = 81.2735035684, position = 33.0, edge = -24511548#2
[39m[49m[0m
[32mPlacing toolgate: id = 1, price = 40.7354370658, position = 34.0, edge = 24511548#2
[39m[49m[0m
[32mPlacing toolgate: id = 2, price = 14.5473080543, position = 21.3551507022, edge = 24511548#3
[39m[49m[0m
[32mPlacing toolgate: id = 3, price = 80.6279311528, position = 39.0, edge = -96823254#0
[39m[49m[0m
[32mPlacing toolgate: id = 0, price = 81.2735035684, position = 33.0, edge = -96823244#5
[39m[49m[0m
[32mPlacing toolgate: id = 1, price = 40.7354370658, position = 34.0, edge = 24511548#2
[39m[49m[0m
[32mPlacing toolgate: id = 2, price = 14.2617756242, position = 21.4233404384, edge = 24511548#3
[39m[49m[0m
[32mPlacing toolgate: id = 3, price = 80.6279311528, position = 39.0, edge = -96823254#0
[39m[49m[0m
[32mPlacing toolgate: id = 0, price = 81.2735035684, position = 33.0, edge = -96823244#5
[39m[49m[0m
[32mPlacing toolgate: id = 1, price = 40.7354370658, position = 34.0, edge = 24511548#2
[39m[49m[0m
[32mPlacing toolgate: id = 2, price = 13.7194860583, position = 21.9381833932, edge = 24511548#3
[39m[49m[0m
[32mPlacing toolgate: id = 3, price = 80.6279311528, position = 39.0, edge = -96823254#0
[39m[49m[0m
[32mPlacing toolgate: id = 0, price = 81.2735035684, position = 33, edge = -96823244#5
[39m[49m[0m
[32mPlacing toolgate: id = 1, price = 40.7354370658, position = 34, edge = 24511548#2
[39m[49m[0m
[32mPlacing toolgate: id = 2, price = 14.5473080543, position = 21, edge = 24511548#3
[39m[49m[0m
[32mPlacing toolgate: id = 3, price = 80.6279311528, position = 39, edge = -96823254#0
[39m[49m[0m
[32mPlacing toolgate: id = 0, price = 81.2735035684, position = 33, edge = -24511548#2
[39m[49m[0m
[32mPlacing toolgate: id = 1, price = 40.7354370658, position = 34, edge = 24511548#2
[39m[49m[0m
[32mPlacing toolgate: id = 2, price = 14.5473080543, position = 21, edge = 24511548#3
[39m[49m[0m
[32mPlacing toolgate: id = 3, price = 80.6279311528, position = 39, edge = -96823254#0
[39m[49m[0m
7  	7     	3036.55	3061.08	23.1405	6641.69
[32mPlacing toolgate: id = 0, price = 81.2735035684, position = 33.0, edge = -24511548#2
[39m[49m[0m
[32mPlacing toolgate: id = 1, price = 40.7354370658, position = 34.0, edge = 24511548#2
[39m[49m[0m
[32mPlacing toolgate: id = 2, price = 14.5473080543, position = 21.0382086004, edge = 24511548#3
[39m[49m[0m
[32mPlacing toolgate: id = 3, price = 80.6279311528, position = 39.0, edge = -96823254#0
[39m[49m[0m
[32mPlacing toolgate: id = 0, price = 81.2735035684, position = 33.0, edge = -24511548#2
[39m[49m[0m
[32mPlacing toolgate: id = 1, price = 40.7354370658, position = 34.0, edge = 24511548#2
[39m[49m[0m
[32mPlacing toolgate: id = 2, price = 14.5473080543, position = 21.3169421019, edge = 24511548#3
[39m[49m[0m
[32mPlacing toolgate: id = 3, price = 80.6279311528, position = 39.0, edge = -96823254#0
[39m[49m[0m
[32mPlacing toolgate: id = 0, price = 81.2735035684, position = 33.0, edge = -24511548#2
[39m[49m[0m
[32mPlacing toolgate: id = 1, price = 40.7354370658, position = 34.0, edge = 24511548#2
[39m[49m[0m
[32mPlacing toolgate: id = 2, price = 14.5473080543, position = 22.0274373742, edge = 24511548#2
[39m[49m[0m
[32mPlacing toolgate: id = 3, price = 80.6279311528, position = 39.0, edge = -96823254#0
[39m[49m[0m
[32mPlacing toolgate: id = 0, price = 81.2735035684, position = 33.0, edge = -96823254#0
[39m[49m[0m
[32mPlacing toolgate: id = 1, price = 40.7354370658, position = 34.0, edge = 24511548#2
[39m[49m[0m
[32mPlacing toolgate: id = 2, price = 14.5473080543, position = 22.3886901754, edge = 24511548#3
[39m[49m[0m
[32mPlacing toolgate: id = 3, price = 80.6279311528, position = 42.888001779, edge = -96823254#0
[39m[49m[0m
[32mPlacing toolgate: id = 0, price = 81.2735035684, position = 33.0, edge = -24511548#2
[39m[49m[0m
[32mPlacing toolgate: id = 1, price = 40.7354370658, position = 34.0, edge = 24511548#3
[39m[49m[0m
[32mPlacing toolgate: id = 2, price = 14.5473080543, position = 21.817321272, edge = 24511548#3
[39m[49m[0m
[32mPlacing toolgate: id = 3, price = 80.6279311528, position = 39.0, edge = -96823254#0
[39m[49m[0m
[32mPlacing toolgate: id = 0, price = 81.2735035684, position = 33.0, edge = -24511548#2
[39m[49m[0m
[32mPlacing toolgate: id = 1, price = 40.7354370658, position = 34.0, edge = 24511548#2
[39m[49m[0m
[32mPlacing toolgate: id = 2, price = 14.5473080543, position = 21.5442025597, edge = 24511548#3
[39m[49m[0m
[32mPlacing toolgate: id = 3, price = 80.6279311528, position = 39.0, edge = -96823254#0
[39m[49m[0m
[32mPlacing toolgate: id = 0, price = 81.2735035684, position = 33.0, edge = -24511548#2
[39m[49m[0m
[32mPlacing toolgate: id = 1, price = 40.7354370658, position = 34.0, edge = 24511548#2
[39m[49m[0m
[32mPlacing toolgate: id = 2, price = 14.5473080543, position = 22.3518429036, edge = 24511548#3
[39m[49m[0m
[32mPlacing toolgate: id = 3, price = 80.6279311528, position = 39.0, edge = -96823254#0
[39m[49m[0m
[32mPlacing toolgate: id = 0, price = 81.2735035684, position = 33.0, edge = -24511548#2
[39m[49m[0m
[32mPlacing toolgate: id = 1, price = 40.7354370658, position = 34.0, edge = 24511548#2
[39m[49m[0m
[32mPlacing toolgate: id = 2, price = 14.5473080543, position = 22.0160540575, edge = 24511548#3
[39m[49m[0m
[32mPlacing toolgate: id = 3, price = 80.6279311528, position = 39.0, edge = -96823254#0
[39m[49m[0m
[32mPlacing toolgate: id = 0, price = 81.2735035684, position = 33.0, edge = -24511548#2
[39m[49m[0m
[32mPlacing toolgate: id = 1, price = 40.7354370658, position = 34.0, edge = 24511548#2
[39m[49m[0m
[32mPlacing toolgate: id = 2, price = 14.5473080543, position = 21.3551507022, edge = 24511548#3
[39m[49m[0m
[32mPlacing toolgate: id = 3, price = 80.6279311528, position = 39.0, edge = -96823254#0
[39m[49m[0m
8  	9     	3053.28	3040.41	23.1405	6376.86
[32mPlacing toolgate: id = 0, price = 81.2735035684, position = 33.0, edge = -24511548#2
[39m[49m[0m
[32mPlacing toolgate: id = 1, price = 40.7354370658, position = 34.0, edge = 24511548#2
[39m[49m[0m
[32mPlacing toolgate: id = 2, price = 14.5473080543, position = 21.3551507022, edge = 24511548#3
[39m[49m[0m
[32mPlacing toolgate: id = 3, price = 80.6279311528, position = 39.0, edge = -96823254#0
[39m[49m[0m
[32mPlacing toolgate: id = 0, price = 81.2735035684, position = 33, edge = -24511548#2
[39m[49m[0m
[32mPlacing toolgate: id = 1, price = 40.7354370658, position = 34, edge = 24511548#2
[39m[49m[0m
[32mPlacing toolgate: id = 2, price = 14.5473080543, position = 22.3615238316, edge = 24511548#3
[39m[49m[0m
[32mPlacing toolgate: id = 3, price = 80.6279311528, position = 39, edge = -96823254#0
[39m[49m[0m
[32mPlacing toolgate: id = 0, price = 81.2735035684, position = 33, edge = -24511548#2
[39m[49m[0m
[32mPlacing toolgate: id = 1, price = 40.7354370658, position = 34, edge = 24511548#2
[39m[49m[0m
[32mPlacing toolgate: id = 2, price = 14.5473080543, position = 22.3615238316, edge = 24511548#3
[39m[49m[0m
[32mPlacing toolgate: id = 3, price = 80.6279311528, position = 39, edge = -96823254#0
[39m[49m[0m
[32mPlacing toolgate: id = 0, price = 81.2735035684, position = 33.0, edge = -24511548#2
[39m[49m[0m
[32mPlacing toolgate: id = 1, price = 40.7354370658, position = 34.0, edge = 24511548#2
[39m[49m[0m
[32mPlacing toolgate: id = 2, price = 14.5473080543, position = 21.3386342446, edge = 24511548#3
[39m[49m[0m
[32mPlacing toolgate: id = 3, price = 80.6279311528, position = 39.0, edge = -96823254#0
[39m[49m[0m
[32mPlacing toolgate: id = 0, price = 81.2735035684, position = 33.0, edge = -24511548#2
[39m[49m[0m
[32mPlacing toolgate: id = 1, price = 40.7354370658, position = 34.0, edge = 24511548#2
[39m[49m[0m
[32mPlacing toolgate: id = 2, price = 14.5473080543, position = 21.3334585595, edge = 24511548#3
[39m[49m[0m
[32mPlacing toolgate: id = 3, price = 80.6279311528, position = 39.0, edge = -96823254#0
[39m[49m[0m
[32mPlacing toolgate: id = 0, price = 81.2735035684, position = 33.0, edge = -24511548#2
[39m[49m[0m
[32mPlacing toolgate: id = 1, price = 40.7354370658, position = 34.0, edge = 24511548#2
[39m[49m[0m
[32mPlacing toolgate: id = 2, price = 14.5473080543, position = 21.3714989239, edge = 24511548#3
[39m[49m[0m
[32mPlacing toolgate: id = 3, price = 80.6279311528, position = 39.0, edge = -96823254#0
[39m[49m[0m
[32mPlacing toolgate: id = 0, price = 81.2735035684, position = 33.0, edge = -24511548#2
[39m[49m[0m
[32mPlacing toolgate: id = 1, price = 40.7354370658, position = 34.0, edge = 24511548#2
[39m[49m[0m
[32mPlacing toolgate: id = 2, price = 14.5473080543, position = 19.0418847247, edge = 24511548#3
[39m[49m[0m
[32mPlacing toolgate: id = 3, price = 80.6279311528, position = 39.0, edge = -96823254#0
[39m[49m[0m
[32mPlacing toolgate: id = 0, price = 81.2735035684, position = 33, edge = -24511548#2
[39m[49m[0m
[32mPlacing toolgate: id = 1, price = 42.8743720272, position = 34, edge = 24511548#2
[39m[49m[0m
[32mPlacing toolgate: id = 2, price = 14.5473080543, position = 22.3615238316, edge = 24511548#3
[39m[49m[0m
[32mPlacing toolgate: id = 3, price = 80.6279311528, position = 39, edge = -96823254#0
[39m[49m[0m
9  	8     	3089.46	3066.23	23.1405	6217.51
[32mPlacing toolgate: id = 0, price = 81.2735035684, position = 33.0, edge = -24511548#2
[39m[49m[0m
[32mPlacing toolgate: id = 1, price = 41.4832586135, position = 34.0, edge = 24511548#2
[39m[49m[0m
[32mPlacing toolgate: id = 2, price = 14.5473080543, position = 22.3615238316, edge = 24511548#3
[39m[49m[0m
[32mPlacing toolgate: id = 3, price = 80.6279311528, position = 39.0, edge = -96823254#0
[39m[49m[0m
[32mPlacing toolgate: id = 0, price = 81.2735035684, position = 33.0, edge = -24511548#2
[39m[49m[0m
[32mPlacing toolgate: id = 1, price = 42.1265504795, position = 34.0, edge = 24511548#2
[39m[49m[0m
[32mPlacing toolgate: id = 2, price = 14.5473080543, position = 22.3615238316, edge = 24511548#3
[39m[49m[0m
[32mPlacing toolgate: id = 3, price = 80.6279311528, position = 39.0, edge = -96823254#0
[39m[49m[0m
[32mPlacing toolgate: id = 0, price = 81.2735035684, position = 33.0, edge = -24511548#2
[39m[49m[0m
[32mPlacing toolgate: id = 1, price = 40.7354370658, position = 34.0, edge = 24511548#2
[39m[49m[0m
[32mPlacing toolgate: id = 2, price = 14.5473080543, position = 22.0160540575, edge = 24511548#3
[39m[49m[0m
[32mPlacing toolgate: id = 3, price = 80.6279311528, position = 39.0, edge = -96823244#5
[39m[49m[0m
[32mPlacing toolgate: id = 0, price = 81.2735035684, position = 33, edge = -24511548#2
[39m[49m[0m
[32mPlacing toolgate: id = 1, price = 40.7354370658, position = 34, edge = 24511548#2
[39m[49m[0m
[32mPlacing toolgate: id = 2, price = 14.5473080543, position = 19.5603209782, edge = 24511548#3
[39m[49m[0m
[32mPlacing toolgate: id = 3, price = 80.6279311528, position = 39, edge = -96823254#0
[39m[49m[0m
[32mPlacing toolgate: id = 0, price = 81.2735035684, position = 33.0, edge = -24511548#2
[39m[49m[0m
[32mPlacing toolgate: id = 1, price = 40.7354370658, position = 34.0, edge = 24511548#3
[39m[49m[0m
[32mPlacing toolgate: id = 2, price = 14.5473080543, position = 22.3615238316, edge = 24511548#3
[39m[49m[0m
[32mPlacing toolgate: id = 3, price = 80.6279311528, position = 39.0, edge = -96823254#0
[39m[49m[0m
[32mPlacing toolgate: id = 0, price = 81.2735035684, position = 33.0, edge = -24511548#2
[39m[49m[0m
[32mPlacing toolgate: id = 1, price = 40.7354370658, position = 34.0, edge = 24511548#3
[39m[49m[0m
[32mPlacing toolgate: id = 2, price = 14.5473080543, position = 22.3615238316, edge = 24511548#3
[39m[49m[0m
[32mPlacing toolgate: id = 3, price = 80.6279311528, position = 39.0, edge = -96823254#0
[39m[49m[0m
[32mPlacing toolgate: id = 0, price = 81.2735035684, position = 33.0, edge = -24511548#2
[39m[49m[0m
[32mPlacing toolgate: id = 1, price = 40.7354370658, position = 34.0, edge = 24511548#2
[39m[49m[0m
[32mPlacing toolgate: id = 2, price = 14.5473080543, position = 22.3615238316, edge = 24511548#3
[39m[49m[0m
[32mPlacing toolgate: id = 3, price = 80.6279311528, position = 39.0, edge = -96823254#0
[39m[49m[0m
[32mPlacing toolgate: id = 0, price = 81.2735035684, position = 33.0, edge = -24511548#2
[39m[49m[0m
[32mPlacing toolgate: id = 1, price = 40.7354370658, position = 34.0, edge = 24511548#2
[39m[49m[0m
[32mPlacing toolgate: id = 2, price = 14.5473080543, position = 22.3615238316, edge = 24511548#3
[39m[49m[0m
[32mPlacing toolgate: id = 3, price = 80.6279311528, position = 39.0, edge = -96823254#0
[39m[49m[0m
[32mPlacing toolgate: id = 0, price = 81.2735035684, position = 33, edge = -24511548#2
[39m[49m[0m
[32mPlacing toolgate: id = 1, price = 40.7354370658, position = 34, edge = 24511548#2
[39m[49m[0m
[32mPlacing toolgate: id = 2, price = 14.5473080543, position = 22.3615238316, edge = 96823244#0
[39m[49m[0m
[32mPlacing toolgate: id = 3, price = 80.6279311528, position = 39, edge = -96823254#0
[39m[49m[0m
[32mPlacing toolgate: id = 0, price = 81.2735035684, position = 33.0, edge = -24511548#2
[39m[49m[0m
[32mPlacing toolgate: id = 1, price = 40.7354370658, position = 34.0, edge = 24511548#3
[39m[49m[0m
[32mPlacing toolgate: id = 2, price = 14.5473080543, position = 22.3615238316, edge = 24511548#3
[39m[49m[0m
[32mPlacing toolgate: id = 3, price = 80.6279311528, position = 39.0, edge = -96823254#0
[39m[49m[0m
[32mPlacing toolgate: id = 0, price = 81.2735035684, position = 33.0, edge = -24511548#2
[39m[49m[0m
[32mPlacing toolgate: id = 1, price = 40.7354370658, position = 34.0, edge = 24511548#3
[39m[49m[0m
[32mPlacing toolgate: id = 2, price = 14.5473080543, position = 22.3615238316, edge = 24511548#3
[39m[49m[0m
[32mPlacing toolgate: id = 3, price = 80.6279311528, position = 39.0, edge = -96823254#0
[39m[49m[0m
[32mPlacing toolgate: id = 0, price = 81.2735035684, position = 33.0, edge = -24511548#2
[39m[49m[0m
[32mPlacing toolgate: id = 1, price = 40.7354370658, position = 34.0, edge = 24511548#2
[39m[49m[0m
[32mPlacing toolgate: id = 2, price = 14.5473080543, position = 22.3615238316, edge = 24448028#1
[39m[49m[0m
[32mPlacing toolgate: id = 3, price = 80.6279311528, position = 39.0, edge = -96823254#0
[39m[49m[0m
[32mPlacing toolgate: id = 0, price = 81.2735035684, position = 33.0, edge = -24511548#2
[39m[49m[0m
[32mPlacing toolgate: id = 1, price = 40.7354370658, position = 34.0, edge = 24511548#2
[39m[49m[0m
[32mPlacing toolgate: id = 2, price = 14.5473080543, position = 22.3615238316, edge = 24448028#1
[39m[49m[0m
[32mPlacing toolgate: id = 3, price = 80.6279311528, position = 39.0, edge = -96823254#0
[39m[49m[0m
10 	13    	2965.46	2983.16	23.1405	6551.67
[32mPlacing toolgate: id = 0, price = 81.2735035684, position = 33, edge = -24511548#2
[39m[49m[0m
[32mPlacing toolgate: id = 1, price = 42.8743720272, position = 34, edge = 24511548#3
[39m[49m[0m
[32mPlacing toolgate: id = 2, price = 14.5473080543, position = 22.3615238316, edge = 24511548#3
[39m[49m[0m
[32mPlacing toolgate: id = 3, price = 80.6279311528, position = 39, edge = -96823254#0
[39m[49m[0m
[32mPlacing toolgate: id = 0, price = 81.2735035684, position = 33.0, edge = -24511548#2
[39m[49m[0m
[32mPlacing toolgate: id = 1, price = 40.7354370658, position = 34.0, edge = 24511548#2
[39m[49m[0m
[32mPlacing toolgate: id = 2, price = 14.5473080543, position = 22.3615238316, edge = 24511548#3
[39m[49m[0m
[32mPlacing toolgate: id = 3, price = 80.6279311528, position = 39.0, edge = -96823254#0
[39m[49m[0m
[32mPlacing toolgate: id = 0, price = 81.2735035684, position = 33.0, edge = -24511548#2
[39m[49m[0m
[32mPlacing toolgate: id = 1, price = 40.7354370658, position = 34.0, edge = 24511548#3
[39m[49m[0m
[32mPlacing toolgate: id = 2, price = 14.5473080543, position = 22.3615238316, edge = 24511548#3
[39m[49m[0m
[32mPlacing toolgate: id = 3, price = 80.6279311528, position = 39.0, edge = -96823254#0
[39m[49m[0m
[32mPlacing toolgate: id = 0, price = 81.2735035684, position = 33.0, edge = -24511548#2
[39m[49m[0m
[32mPlacing toolgate: id = 1, price = 42.1265504795, position = 34.0, edge = 24511548#2
[39m[49m[0m
[32mPlacing toolgate: id = 2, price = 14.5473080543, position = 22.3615238316, edge = 24511548#3
[39m[49m[0m
[32mPlacing toolgate: id = 3, price = 80.6279311528, position = 39.0, edge = -96823254#0
[39m[49m[0m
[32mPlacing toolgate: id = 0, price = 81.2735035684, position = 33.0, edge = -24511548#2
[39m[49m[0m
[32mPlacing toolgate: id = 1, price = 40.7354370658, position = 34.0, edge = 24511548#3
[39m[49m[0m
[32mPlacing toolgate: id = 2, price = 14.5473080543, position = 16.6349111398, edge = 24511548#3
[39m[49m[0m
[32mPlacing toolgate: id = 3, price = 80.6279311528, position = 39.0, edge = -96823254#0
[39m[49m[0m
[32mPlacing toolgate: id = 0, price = 81.2735035684, position = 33.0, edge = -24511548#2
[39m[49m[0m
[32mPlacing toolgate: id = 1, price = 40.7354370658, position = 34.0, edge = 24511548#2
[39m[49m[0m
[32mPlacing toolgate: id = 2, price = 14.5473080543, position = 22.352887006, edge = 24511548#3
[39m[49m[0m
[32mPlacing toolgate: id = 3, price = 80.6279311528, position = 39.0, edge = -96823254#0
[39m[49m[0m
11 	6     	2933.16	2946.92	23.1405	6217.51
[32mPlacing toolgate: id = 0, price = 81.2735035684, position = 33.0, edge = -24511548#2
[39m[49m[0m
[32mPlacing toolgate: id = 1, price = 42.0788913806, position = 32.9025284077, edge = 24511548#2
[39m[49m[0m
[32mPlacing toolgate: id = 2, price = 14.5473080543, position = 22.3615238316, edge = 24511548#3
[39m[49m[0m
[32mPlacing toolgate: id = 3, price = 80.6279311528, position = 39.0, edge = -96823254#0
[39m[49m[0m
[32mPlacing toolgate: id = 0, price = 81.2735035684, position = 33.0, edge = -24511548#2
[39m[49m[0m
[32mPlacing toolgate: id = 1, price = 42.9220311261, position = 34.0, edge = 24511548#2
[39m[49m[0m
[32mPlacing toolgate: id = 2, price = 14.5473080543, position = 22.3615238316, edge = 24511548#3
[39m[49m[0m
[32mPlacing toolgate: id = 3, price = 80.6279311528, position = 39.0, edge = -96823254#0
[39m[49m[0m
[32mPlacing toolgate: id = 0, price = 81.2735035684, position = 33.0, edge = -24511548#2
[39m[49m[0m
[32mPlacing toolgate: id = 1, price = 42.1265504795, position = 34.0, edge = 24511548#2
[39m[49m[0m
[32mPlacing toolgate: id = 2, price = 14.5473080543, position = 22.3615238316, edge = 24511548#3
[39m[49m[0m
[32mPlacing toolgate: id = 3, price = 80.6279311528, position = 39.0, edge = -24511548#2
[39m[49m[0m
[32mPlacing toolgate: id = 0, price = 81.2735035684, position = 33.0, edge = -24511548#2
[39m[49m[0m
[32mPlacing toolgate: id = 1, price = 42.1265504795, position = 34.0, edge = 24511548#2
[39m[49m[0m
[32mPlacing toolgate: id = 2, price = 14.5473080543, position = 22.3615238316, edge = 24511548#3
[39m[49m[0m
[32mPlacing toolgate: id = 3, price = 80.6279311528, position = 39.0, edge = -24511548#2
[39m[49m[0m
[32mPlacing toolgate: id = 0, price = 81.2735035684, position = 33, edge = -24511548#2
[39m[49m[0m
[32mPlacing toolgate: id = 1, price = 41.32480779, position = 34, edge = 24511548#2
[39m[49m[0m
[32mPlacing toolgate: id = 2, price = 14.5473080543, position = 22.3615238316, edge = 24511548#3
[39m[49m[0m
[32mPlacing toolgate: id = 3, price = 80.6279311528, position = 39, edge = -96823254#0
[39m[49m[0m
[32mPlacing toolgate: id = 0, price = 81.2735035684, position = 33.0, edge = -24511548#2
[39m[49m[0m
[32mPlacing toolgate: id = 1, price = 41.1507972973, position = 34.0, edge = 24511548#3
[39m[49m[0m
[32mPlacing toolgate: id = 2, price = 14.5473080543, position = 22.3615238316, edge = 24511548#3
[39m[49m[0m
[32mPlacing toolgate: id = 3, price = 80.6279311528, position = 39.0, edge = -96823254#0
[39m[49m[0m
[32mPlacing toolgate: id = 0, price = 81.2735035684, position = 33.0, edge = -24511548#2
[39m[49m[0m
[32mPlacing toolgate: id = 1, price = 42.4590117957, position = 34.0, edge = 24511548#3
[39m[49m[0m
[32mPlacing toolgate: id = 2, price = 14.5473080543, position = 22.3615238316, edge = 24511548#3
[39m[49m[0m
[32mPlacing toolgate: id = 3, price = 80.6279311528, position = 39.0, edge = -96823254#0
[39m[49m[0m
[32mPlacing toolgate: id = 0, price = 81.2735035684, position = 33.0, edge = -24511548#2
[39m[49m[0m
[32mPlacing toolgate: id = 1, price = 42.8743720272, position = 34.0, edge = 24511548#2
[39m[49m[0m
[32mPlacing toolgate: id = 2, price = 14.5473080543, position = 22.3615238316, edge = 24511548#3
[39m[49m[0m
[32mPlacing toolgate: id = 3, price = 80.6279311528, position = 39.0, edge = -96823254#0
[39m[49m[0m
[32mPlacing toolgate: id = 0, price = 81.2735035684, position = 33.0, edge = -24511548#2
[39m[49m[0m
[32mPlacing toolgate: id = 1, price = 42.8743720272, position = 34.0, edge = 24511548#2
[39m[49m[0m
[32mPlacing toolgate: id = 2, price = 14.5473080543, position = 22.3615238316, edge = 24511548#3
[39m[49m[0m
[32mPlacing toolgate: id = 3, price = 80.6279311528, position = 39.0, edge = -96823254#0
[39m[49m[0m
[32mPlacing toolgate: id = 0, price = 81.2735035684, position = 33.0, edge = -24511548#2
[39m[49m[0m
[32mPlacing toolgate: id = 1, price = 40.9162407555, position = 34.0, edge = 24511548#2
[39m[49m[0m
[32mPlacing toolgate: id = 2, price = 14.5473080543, position = 22.3615238316, edge = 24511548#3
[39m[49m[0m
[32mPlacing toolgate: id = 3, price = 80.6279311528, position = 39.0, edge = -96823254#0
[39m[49m[0m
[32mPlacing toolgate: id = 0, price = 81.2735035684, position = 33.0, edge = -24511548#2
[39m[49m[0m
[32mPlacing toolgate: id = 1, price = 41.9457467899, position = 34.0, edge = 24511548#2
[39m[49m[0m
[32mPlacing toolgate: id = 2, price = 14.5473080543, position = 22.3615238316, edge = 24511548#3
[39m[49m[0m
[32mPlacing toolgate: id = 3, price = 80.6279311528, position = 39.0, edge = -96823254#0
[39m[49m[0m
[32mPlacing toolgate: id = 0, price = 81.2735035684, position = 33.0, edge = -24511548#2
[39m[49m[0m
[32mPlacing toolgate: id = 1, price = 41.3782357455, position = 34.0, edge = 24511548#2
[39m[49m[0m
[32mPlacing toolgate: id = 2, price = 14.5473080543, position = 22.3615238316, edge = 24511548#3
[39m[49m[0m
[32mPlacing toolgate: id = 3, price = 80.6279311528, position = 39.0, edge = -96823254#0
[39m[49m[0m
[32mPlacing toolgate: id = 0, price = 81.2735035684, position = 33.0, edge = -24511548#2
[39m[49m[0m
[32mPlacing toolgate: id = 1, price = 41.4837517998, position = 34.0, edge = 24511548#2
[39m[49m[0m
[32mPlacing toolgate: id = 2, price = 14.5473080543, position = 22.3615238316, edge = 24511548#3
[39m[49m[0m
[32mPlacing toolgate: id = 3, price = 80.6279311528, position = 39.0, edge = -96823254#0
[39m[49m[0m
12 	13    	2982.48	2984.63	22.8096	6288.12
[32mPlacing toolgate: id = 0, price = 80.3321027725, position = 33, edge = -24511548#2
[39m[49m[0m
[32mPlacing toolgate: id = 1, price = 42.8743720272, position = 34, edge = 24511548#2
[39m[49m[0m
[32mPlacing toolgate: id = 2, price = 14.5473080543, position = 22.3615238316, edge = 24511548#3
[39m[49m[0m
[32mPlacing toolgate: id = 3, price = 80.6279311528, position = 39, edge = -96823254#0
[39m[49m[0m
[32mPlacing toolgate: id = 0, price = 81.2735035684, position = 33.0, edge = -24511548#2
[39m[49m[0m
[32mPlacing toolgate: id = 1, price = 42.3158425352, position = 34.0, edge = 24511548#2
[39m[49m[0m
[32mPlacing toolgate: id = 2, price = 14.5473080543, position = 22.3615238316, edge = 24511548#3
[39m[49m[0m
[32mPlacing toolgate: id = 3, price = 80.6279311528, position = 39.0, edge = -96823254#0
[39m[49m[0m
[32mPlacing toolgate: id = 0, price = 81.2735035684, position = 33.0, edge = -24511548#2
[39m[49m[0m
[32mPlacing toolgate: id = 1, price = 42.6850799715, position = 34.0, edge = 24511548#2
[39m[49m[0m
[32mPlacing toolgate: id = 2, price = 14.5473080543, position = 22.3615238316, edge = 24511548#3
[39m[49m[0m
[32mPlacing toolgate: id = 3, price = 80.6279311528, position = 39.0, edge = -96823254#0
[39m[49m[0m
[32mPlacing toolgate: id = 0, price = 81.2735035684, position = 33.0, edge = -24511548#2
[39m[49m[0m
[32mPlacing toolgate: id = 1, price = 40.9162407555, position = 34.0, edge = 24511548#2
[39m[49m[0m
[32mPlacing toolgate: id = 2, price = 14.5473080543, position = 22.3615238316, edge = 24448028#1
[39m[49m[0m
[32mPlacing toolgate: id = 3, price = 80.6279311528, position = 39.0, edge = -96823254#0
[39m[49m[0m
[32mPlacing toolgate: id = 0, price = 81.2735035684, position = 33.0, edge = -24511548#2
[39m[49m[0m
[32mPlacing toolgate: id = 1, price = 42.3462911936, position = 33.1442830496, edge = 24511548#2
[39m[49m[0m
[32mPlacing toolgate: id = 2, price = 14.5473080543, position = 22.3615238316, edge = 24511548#3
[39m[49m[0m
[32mPlacing toolgate: id = 3, price = 80.6279311528, position = 39.0, edge = -96823254#0
[39m[49m[0m
[32mPlacing toolgate: id = 0, price = 81.2735035684, position = 33.0, edge = -24511548#2
[39m[49m[0m
[32mPlacing toolgate: id = 1, price = 42.6069722141, position = 33.7582453582, edge = 24511548#2
[39m[49m[0m
[32mPlacing toolgate: id = 2, price = 14.5473080543, position = 22.3615238316, edge = 24511548#3
[39m[49m[0m
[32mPlacing toolgate: id = 3, price = 80.6279311528, position = 39.0, edge = -96823254#0
[39m[49m[0m
[32mPlacing toolgate: id = 0, price = 81.2735035684, position = 33.0, edge = -24511548#2
[39m[49m[0m
[32mPlacing toolgate: id = 1, price = 42.4102970328, position = 34.0, edge = 24511548#2
[39m[49m[0m
[32mPlacing toolgate: id = 2, price = 14.5473080543, position = 22.3615238316, edge = 24511548#3
[39m[49m[0m
[32mPlacing toolgate: id = 3, price = 80.6279311528, position = 39.0, edge = -96823254#0
[39m[49m[0m
[32mPlacing toolgate: id = 0, price = 81.2735035684, position = 33.0, edge = -24511548#2
[39m[49m[0m
[32mPlacing toolgate: id = 1, price = 42.4098217843, position = 34.0, edge = 24511548#2
[39m[49m[0m
[32mPlacing toolgate: id = 2, price = 14.5473080543, position = 22.3615238316, edge = 24511548#3
[39m[49m[0m
[32mPlacing toolgate: id = 3, price = 80.6279311528, position = 39.0, edge = -96823254#0
[39m[49m[0m
[32mPlacing toolgate: id = 0, price = 81.2735035684, position = 33.0, edge = -24511548#2
[39m[49m[0m
[32mPlacing toolgate: id = 1, price = 42.8743720272, position = 34.0, edge = 24511548#2
[39m[49m[0m
[32mPlacing toolgate: id = 2, price = 13.2571176487, position = 22.3615238316, edge = 24511548#3
[39m[49m[0m
[32mPlacing toolgate: id = 3, price = 80.6279311528, position = 39.0, edge = -96823254#0
[39m[49m[0m
[32mPlacing toolgate: id = 0, price = 81.2735035684, position = 33.0, edge = -24511548#2
[39m[49m[0m
[32mPlacing toolgate: id = 1, price = 42.0788913806, position = 32.9025284077, edge = 24511548#2
[39m[49m[0m
[32mPlacing toolgate: id = 2, price = 14.5473080543, position = 22.3615238316, edge = 24511548#3
[39m[49m[0m
[32mPlacing toolgate: id = 3, price = 80.6279311528, position = 39.0, edge = -96823254#0
[39m[49m[0m
[32mPlacing toolgate: id = 0, price = 81.2735035684, position = 33.0, edge = -24511548#2
[39m[49m[0m
[32mPlacing toolgate: id = 1, price = 42.0788913806, position = 32.9025284077, edge = 24511548#2
[39m[49m[0m
[32mPlacing toolgate: id = 2, price = 14.5473080543, position = 22.3615238316, edge = 24511548#3
[39m[49m[0m
[32mPlacing toolgate: id = 3, price = 80.6279311528, position = 39.0, edge = -96823254#0
[39m[49m[0m
13 	11    	3136.55	3113.84	22.8096	6557.46
[32mPlacing toolgate: id = 0, price = 81.2735035684, position = 33, edge = -24511548#2
[39m[49m[0m
[32mPlacing toolgate: id = 1, price = 42.8743720272, position = 34, edge = 24511548#2
[39m[49m[0m
[32mPlacing toolgate: id = 2, price = 17.0419605928, position = 22.3615238316, edge = 24511548#3
[39m[49m[0m
[32mPlacing toolgate: id = 3, price = 80.6279311528, position = 39, edge = -96823254#0
[39m[49m[0m
[32mPlacing toolgate: id = 0, price = 81.2735035684, position = 33.0, edge = -24511548#2
[39m[49m[0m
[32mPlacing toolgate: id = 1, price = 42.2604548487, position = 32.9666877698, edge = 24511548#2
[39m[49m[0m
[32mPlacing toolgate: id = 2, price = 14.5473080543, position = 22.3615238316, edge = 24511548#3
[39m[49m[0m
[32mPlacing toolgate: id = 3, price = 80.6279311528, position = 39.0, edge = -96823254#0
[39m[49m[0m
[32mPlacing toolgate: id = 0, price = 81.2735035684, position = 33.0, edge = -24511548#2
[39m[49m[0m
[32mPlacing toolgate: id = 1, price = 42.1647277255, position = 33.0801236876, edge = 24511548#2
[39m[49m[0m
[32mPlacing toolgate: id = 2, price = 14.5473080543, position = 22.3615238316, edge = 24511548#3
[39m[49m[0m
[32mPlacing toolgate: id = 3, price = 80.6279311528, position = 39.0, edge = -96823254#0
[39m[49m[0m
[32mPlacing toolgate: id = 0, price = 81.2735035684, position = 33, edge = -24511548#2
[39m[49m[0m
[32mPlacing toolgate: id = 1, price = 42.8743720272, position = 34, edge = 24511548#2
[39m[49m[0m
[32mPlacing toolgate: id = 2, price = 14.5473080543, position = 22.3615238316, edge = 24511548#3
[39m[49m[0m
[32mPlacing toolgate: id = 3, price = 80.6279311528, position = 39, edge = -96823254#0
[39m[49m[0m
[32mPlacing toolgate: id = 0, price = 81.2735035684, position = 33.0, edge = -24511548#2
[39m[49m[0m
[32mPlacing toolgate: id = 1, price = 42.0788913806, position = 32.9025284077, edge = 24511548#3
[39m[49m[0m
[32mPlacing toolgate: id = 2, price = 14.5473080543, position = 22.3615238316, edge = 24511548#3
[39m[49m[0m
[32mPlacing toolgate: id = 3, price = 80.6279311528, position = 36.4370861103, edge = -96823254#0
[39m[49m[0m
[32mPlacing toolgate: id = 0, price = 81.6700705503, position = 33.0, edge = -24511548#2
[39m[49m[0m
[32mPlacing toolgate: id = 1, price = 42.0788913806, position = 32.9025284077, edge = 24511548#2
[39m[49m[0m
[32mPlacing toolgate: id = 2, price = 14.5473080543, position = 22.3615238316, edge = 24511548#3
[39m[49m[0m
[32mPlacing toolgate: id = 3, price = 80.6279311528, position = 39.0, edge = -96823254#0
[39m[49m[0m
[32mPlacing toolgate: id = 0, price = 81.2735035684, position = 33.0, edge = -24511548#2
[39m[49m[0m
[32mPlacing toolgate: id = 1, price = 42.0788913806, position = 32.9025284077, edge = 24511548#2
[39m[49m[0m
[32mPlacing toolgate: id = 2, price = 14.5473080543, position = 22.3615238316, edge = 24511548#3
[39m[49m[0m
[32mPlacing toolgate: id = 3, price = 80.6279311528, position = 39.0, edge = -96823254#0
[39m[49m[0m
[32mPlacing toolgate: id = 0, price = 81.2735035684, position = 33.0, edge = -24511548#2
[39m[49m[0m
[32mPlacing toolgate: id = 1, price = 42.3873964984, position = 33.5122849867, edge = 24511548#3
[39m[49m[0m
[32mPlacing toolgate: id = 2, price = 14.5473080543, position = 22.3615238316, edge = 24511548#3
[39m[49m[0m
[32mPlacing toolgate: id = 3, price = 80.6279311528, position = 39.0, edge = -96823254#0
[39m[49m[0m
[32mPlacing toolgate: id = 0, price = 81.2735035684, position = 33.0, edge = -24511548#2
[39m[49m[0m
[32mPlacing toolgate: id = 1, price = 42.8332667224, position = 33.6319980629, edge = 24511548#3
[39m[49m[0m
[32mPlacing toolgate: id = 2, price = 14.5473080543, position = 22.3615238316, edge = 24511548#3
[39m[49m[0m
[32mPlacing toolgate: id = 3, price = 80.6279311528, position = 39.0, edge = -96823254#0
[39m[49m[0m
14 	9     	3005.2 	3012.8 	22.7975	6294.02
[32mPlacing toolgate: id = 0, price = 81.2735035684, position = 33.0, edge = -24511548#2
[39m[49m[0m
[32mPlacing toolgate: id = 1, price = 42.0788913806, position = 32.9025284077, edge = 24511548#2
[39m[49m[0m
[32mPlacing toolgate: id = 2, price = 14.5473080543, position = 22.3615238316, edge = 24511548#3
[39m[49m[0m
[32mPlacing toolgate: id = 3, price = 80.6279311528, position = 39.0, edge = -96823254#0
[39m[49m[0m
[32mPlacing toolgate: id = 0, price = 81.2735035684, position = 33.0, edge = -24511548#2
[39m[49m[0m
[32mPlacing toolgate: id = 1, price = 42.0788913806, position = 32.9025284077, edge = 24511548#2
[39m[49m[0m
[32mPlacing toolgate: id = 2, price = 14.5473080543, position = 22.3615238316, edge = 24511548#3
[39m[49m[0m
[32mPlacing toolgate: id = 3, price = 80.6279311528, position = 39.0, edge = -96823254#0
[39m[49m[0m
[32mPlacing toolgate: id = 0, price = 81.2735035684, position = 33.0, edge = -24511548#2
[39m[49m[0m
[32mPlacing toolgate: id = 1, price = 42.0788913806, position = 32.9025284077, edge = 24511548#2
[39m[49m[0m
[32mPlacing toolgate: id = 2, price = 14.5473080543, position = 22.3615238316, edge = 24511548#3
[39m[49m[0m
[32mPlacing toolgate: id = 3, price = 80.6279311528, position = 39.0, edge = -96823254#0
[39m[49m[0m
[32mPlacing toolgate: id = 0, price = 81.2735035684, position = 33.0, edge = -24511548#2
[39m[49m[0m
[32mPlacing toolgate: id = 1, price = 42.0788913806, position = 32.9025284077, edge = 24511548#2
[39m[49m[0m
[32mPlacing toolgate: id = 2, price = 14.5473080543, position = 22.3615238316, edge = 24511548#3
[39m[49m[0m
[32mPlacing toolgate: id = 3, price = 80.6279311528, position = 39.0, edge = -96823254#0
[39m[49m[0m
[32mPlacing toolgate: id = 0, price = 81.2735035684, position = 33.0, edge = -24511548#2
[39m[49m[0m
[32mPlacing toolgate: id = 1, price = 42.0788913806, position = 32.9025284077, edge = 24511548#2
[39m[49m[0m
[32mPlacing toolgate: id = 2, price = 14.5473080543, position = 22.3615238316, edge = 24511548#3
[39m[49m[0m
[32mPlacing toolgate: id = 3, price = 80.6279311528, position = 39.0, edge = -96823254#0
[39m[49m[0m
[32mPlacing toolgate: id = 0, price = 81.2735035684, position = 33.0, edge = -24511548#2
[39m[49m[0m
[32mPlacing toolgate: id = 1, price = 42.0788913806, position = 32.9025284077, edge = 24511548#2
[39m[49m[0m
[32mPlacing toolgate: id = 2, price = 14.5473080543, position = 22.3615238316, edge = 24511548#3
[39m[49m[0m
[32mPlacing toolgate: id = 3, price = 80.6279311528, position = 39.0, edge = -96823254#0
[39m[49m[0m
[32mPlacing toolgate: id = 0, price = 81.2735035684, position = 33.0, edge = -24511548#2
[39m[49m[0m
[32mPlacing toolgate: id = 1, price = 42.8534745714, position = 33.7580011705, edge = 24511548#3
[39m[49m[0m
[32mPlacing toolgate: id = 2, price = 16.8209268108, position = 22.3615238316, edge = 24511548#3
[39m[49m[0m
[32mPlacing toolgate: id = 3, price = 80.6279311528, position = 39.0, edge = -96823254#0
[39m[49m[0m
[32mPlacing toolgate: id = 0, price = 81.2735035684, position = 33.0, edge = -24511548#2
[39m[49m[0m
[32mPlacing toolgate: id = 1, price = 42.1856251812, position = 33.322122517, edge = 24511548#3
[39m[49m[0m
[32mPlacing toolgate: id = 2, price = 14.7683418363, position = 22.3615238316, edge = 24511548#3
[39m[49m[0m
[32mPlacing toolgate: id = 3, price = 80.6279311528, position = 39.0, edge = -96823254#0
[39m[49m[0m
[32mPlacing toolgate: id = 0, price = 81.2735035684, position = 33.0, edge = -24511548#2
[39m[49m[0m
[32mPlacing toolgate: id = 1, price = 42.2604548487, position = 32.9666877698, edge = 24511548#2
[39m[49m[0m
[32mPlacing toolgate: id = 2, price = 14.5473080543, position = 22.3615238316, edge = 24511548#3
[39m[49m[0m
[32mPlacing toolgate: id = 3, price = 80.6279311528, position = 39.0, edge = -96823254#0
[39m[49m[0m
[32mPlacing toolgate: id = 0, price = 81.2735035684, position = 38.5185679873, edge = -24511548#2
[39m[49m[0m
[32mPlacing toolgate: id = 1, price = 42.1647277255, position = 33.0801236876, edge = 24511548#2
[39m[49m[0m
[32mPlacing toolgate: id = 2, price = 14.5473080543, position = 22.3615238316, edge = 24511548#3
[39m[49m[0m
[32mPlacing toolgate: id = 3, price = 80.6279311528, position = 39.0, edge = -96823254#0
[39m[49m[0m
15 	10    	3060.39	3060.23	22.7975	6294.02
[32mPlacing toolgate: id = 0, price = 82.8839510734, position = 33.0, edge = -24511548#2
[39m[49m[0m
[32mPlacing toolgate: id = 1, price = 42.1212367475, position = 32.9116512248, edge = 24511548#2
[39m[49m[0m
[32mPlacing toolgate: id = 2, price = 14.5473080543, position = 22.3615238316, edge = 24511548#3
[39m[49m[0m
[32mPlacing toolgate: id = 3, price = 80.6279311528, position = 39.0, edge = -96823254#0
[39m[49m[0m
[32mPlacing toolgate: id = 0, price = 81.2735035684, position = 33.0, edge = -24511548#2
[39m[49m[0m
[32mPlacing toolgate: id = 1, price = 42.2181094818, position = 32.9575649527, edge = 24511548#2
[39m[49m[0m
[32mPlacing toolgate: id = 2, price = 14.5473080543, position = 22.3615238316, edge = 24511548#3
[39m[49m[0m
[32mPlacing toolgate: id = 3, price = 80.6279311528, position = 39.0, edge = -96823254#0
[39m[49m[0m
[32mPlacing toolgate: id = 0, price = 81.2735035684, position = 33.0, edge = -24511548#2
[39m[49m[0m
[32mPlacing toolgate: id = 1, price = 42.1220242573, position = 33.1061716247, edge = 24511548#2
[39m[49m[0m
[32mPlacing toolgate: id = 2, price = 14.5473080543, position = 22.3615238316, edge = 24511548#3
[39m[49m[0m
[32mPlacing toolgate: id = 3, price = 80.6279311528, position = 39.0, edge = -96823254#0
[39m[49m[0m
[32mPlacing toolgate: id = 0, price = 81.2735035684, position = 33.0, edge = -24511548#2
[39m[49m[0m
[32mPlacing toolgate: id = 1, price = 42.1215948488, position = 32.8764804706, edge = 24511548#2
[39m[49m[0m
[32mPlacing toolgate: id = 2, price = 14.4672836902, position = 22.1732651638, edge = 24511548#3
[39m[49m[0m
[32mPlacing toolgate: id = 3, price = 80.6279311528, position = 39.0, edge = -96823254#0
[39m[49m[0m
[32mPlacing toolgate: id = 0, price = 81.2735035684, position = 33.0, edge = -96823244#5
[39m[49m[0m
[32mPlacing toolgate: id = 1, price = 42.1593297116, position = 33.0358735633, edge = 24511548#2
[39m[49m[0m
[32mPlacing toolgate: id = 2, price = 14.5473080543, position = 25.2384436879, edge = 24511548#3
[39m[49m[0m
[32mPlacing toolgate: id = 3, price = 81.4395759339, position = 39.0, edge = -96823254#0
[39m[49m[0m
[32mPlacing toolgate: id = 0, price = 81.2735035684, position = 33.0, edge = -24511548#2
[39m[49m[0m
[32mPlacing toolgate: id = 1, price = 42.0842893944, position = 32.946778532, edge = 24511548#2
[39m[49m[0m
[32mPlacing toolgate: id = 2, price = 14.5473080543, position = 22.3615238316, edge = 24511548#3
[39m[49m[0m
[32mPlacing toolgate: id = 3, price = 80.6279311528, position = 39.0, edge = -96823254#0
[39m[49m[0m
[32mPlacing toolgate: id = 0, price = 81.2735035684, position = 33.0, edge = -96823244#5
[39m[49m[0m
[32mPlacing toolgate: id = 1, price = 42.0788913806, position = 32.9025284077, edge = 24511548#2
[39m[49m[0m
[32mPlacing toolgate: id = 2, price = 14.5473080543, position = 22.3615238316, edge = 24511548#3
[39m[49m[0m
[32mPlacing toolgate: id = 3, price = 80.6279311528, position = 39.0, edge = -96823254#0
[39m[49m[0m
[32mPlacing toolgate: id = 0, price = 81.2735035684, position = 33.0, edge = -96823244#5
[39m[49m[0m
[32mPlacing toolgate: id = 1, price = 42.0788913806, position = 32.9025284077, edge = 24511548#2
[39m[49m[0m
[32mPlacing toolgate: id = 2, price = 14.5473080543, position = 22.3615238316, edge = 24511548#3
[39m[49m[0m
[32mPlacing toolgate: id = 3, price = 80.6279311528, position = 39.0, edge = -96823254#0
[39m[49m[0m
[32mPlacing toolgate: id = 0, price = 81.2735035684, position = 33.0, edge = -24511548#2
[39m[49m[0m
[32mPlacing toolgate: id = 1, price = 42.1024904004, position = 33.0428779132, edge = 24511548#2
[39m[49m[0m
[32mPlacing toolgate: id = 2, price = 14.5473080543, position = 22.3615238316, edge = 24448028#1
[39m[49m[0m
[32mPlacing toolgate: id = 3, price = 80.6279311528, position = 39.0, edge = -96823254#0
[39m[49m[0m
[32mPlacing toolgate: id = 0, price = 81.2735035684, position = 33.0, edge = -24511548#2
[39m[49m[0m
[32mPlacing toolgate: id = 1, price = 42.1411287057, position = 32.9397741821, edge = 24511548#2
[39m[49m[0m
[32mPlacing toolgate: id = 2, price = 14.5473080543, position = 22.3615238316, edge = 24448028#1
[39m[49m[0m
[32mPlacing toolgate: id = 3, price = 80.6279311528, position = 39.0, edge = -96823254#0
[39m[49m[0m
[32mPlacing toolgate: id = 0, price = 81.2735035684, position = 33.0, edge = -24511548#2
[39m[49m[0m
[32mPlacing toolgate: id = 1, price = 42.1647277255, position = 33.0801236876, edge = 24511548#2
[39m[49m[0m
[32mPlacing toolgate: id = 2, price = 14.5473080543, position = 22.3615238316, edge = 24511548#3
[39m[49m[0m
[32mPlacing toolgate: id = 3, price = 80.6279311528, position = 39.0, edge = -96823254#0
[39m[49m[0m
[32mPlacing toolgate: id = 0, price = 81.2735035684, position = 33.0, edge = -24511548#2
[39m[49m[0m
[32mPlacing toolgate: id = 1, price = 42.1647277255, position = 33.0801236876, edge = 24511548#2
[39m[49m[0m
[32mPlacing toolgate: id = 2, price = 14.5473080543, position = 22.8451917077, edge = 24511548#3
[39m[49m[0m
[32mPlacing toolgate: id = 3, price = 80.6279311528, position = 39.0, edge = -96823254#0
[39m[49m[0m
[32mPlacing toolgate: id = 0, price = 77.9268806778, position = 33.0, edge = -24511548#2
[39m[49m[0m
[32mPlacing toolgate: id = 1, price = 42.0788913806, position = 32.9025284077, edge = 24511548#2
[39m[49m[0m
[32mPlacing toolgate: id = 2, price = 14.5473080543, position = 22.9279905193, edge = 24511548#3
[39m[49m[0m
[32mPlacing toolgate: id = 3, price = 80.6279311528, position = 39.0, edge = -96823254#0
[39m[49m[0m
[32mPlacing toolgate: id = 0, price = 81.2735035684, position = 33.0, edge = -24511548#2
[39m[49m[0m
[32mPlacing toolgate: id = 1, price = 42.0876250751, position = 32.9019447927, edge = 24511548#2
[39m[49m[0m
[32mPlacing toolgate: id = 2, price = 14.5473080543, position = 22.3615238316, edge = 24511548#3
[39m[49m[0m
[32mPlacing toolgate: id = 3, price = 80.6279311528, position = 39.0, edge = -96823254#0
[39m[49m[0m
[32mPlacing toolgate: id = 0, price = 81.2735035684, position = 33.0, edge = -24511548#2
[39m[49m[0m
[32mPlacing toolgate: id = 1, price = 42.155994031, position = 33.0807073026, edge = 24511548#2
[39m[49m[0m
[32mPlacing toolgate: id = 2, price = 14.5473080543, position = 22.3615238316, edge = 24511548#3
[39m[49m[0m
[32mPlacing toolgate: id = 3, price = 80.6279311528, position = 39.0, edge = -96823254#0
[39m[49m[0m
16 	15    	3189.04	3168.21	22.7754	6737.95
[32mPlacing toolgate: id = 0, price = 81.2735035684, position = 33.0, edge = -24511548#2
[39m[49m[0m
[32mPlacing toolgate: id = 1, price = 42.0901647338, position = 33.0499445201, edge = 24511548#2
[39m[49m[0m
[32mPlacing toolgate: id = 2, price = 14.5473080543, position = 22.3615238316, edge = 24448028#1
[39m[49m[0m
[32mPlacing toolgate: id = 3, price = 80.6279311528, position = 39.0, edge = -24511548#2
[39m[49m[0m
[32mPlacing toolgate: id = 0, price = 81.2735035684, position = 33.0, edge = -24511548#2
[39m[49m[0m
[32mPlacing toolgate: id = 1, price = 42.1588523861, position = 32.9769576995, edge = 24511548#2
[39m[49m[0m
[32mPlacing toolgate: id = 2, price = 14.5473080543, position = 22.3615238316, edge = 24448028#1
[39m[49m[0m
[32mPlacing toolgate: id = 3, price = 80.6279311528, position = 39.0, edge = -24511548#2
[39m[49m[0m
[32mPlacing toolgate: id = 0, price = 81.2735035684, position = 33.0, edge = -24511548#2
[39m[49m[0m
[32mPlacing toolgate: id = 1, price = 42.2604548487, position = 32.9666877698, edge = 24511548#2
[39m[49m[0m
[32mPlacing toolgate: id = 2, price = 14.5473080543, position = 22.3615238316, edge = 24511548#3
[39m[49m[0m
[32mPlacing toolgate: id = 3, price = 80.6279311528, position = 39.0, edge = -96823254#0
[39m[49m[0m
[32mPlacing toolgate: id = 0, price = 81.2735035684, position = 33.0, edge = -24511548#2
[39m[49m[0m
[32mPlacing toolgate: id = 1, price = 42.2604548487, position = 32.9666877698, edge = 24511548#2
[39m[49m[0m
[32mPlacing toolgate: id = 2, price = 14.5473080543, position = 22.3615238316, edge = 24511548#3
[39m[49m[0m
[32mPlacing toolgate: id = 3, price = 80.6279311528, position = 39.0, edge = -96823254#0
[39m[49m[0m
[32mPlacing toolgate: id = 0, price = 81.2735035684, position = 29.7605120655, edge = -24511548#2
[39m[49m[0m
[32mPlacing toolgate: id = 1, price = 42.1006501189, position = 32.8961516978, edge = 24511548#3
[39m[49m[0m
[32mPlacing toolgate: id = 2, price = 14.5473080543, position = 22.8186055004, edge = 24511548#3
[39m[49m[0m
[32mPlacing toolgate: id = 3, price = 80.6279311528, position = 39.0, edge = -96823254#0
[39m[49m[0m
[32mPlacing toolgate: id = 0, price = 81.2735035684, position = 33.0, edge = -24511548#2
[39m[49m[0m
[32mPlacing toolgate: id = 1, price = 42.1429689871, position = 33.0865003975, edge = 24511548#3
[39m[49m[0m
[32mPlacing toolgate: id = 2, price = 14.5473080543, position = 22.388110039, edge = 24511548#3
[39m[49m[0m
[32mPlacing toolgate: id = 3, price = 80.6279311528, position = 39.0, edge = -96823254#0
[39m[49m[0m
[32mPlacing toolgate: id = 0, price = 81.2735035684, position = 33.0, edge = -24511548#2
[39m[49m[0m
[32mPlacing toolgate: id = 1, price = 42.155994031, position = 33.0807073026, edge = 24511548#2
[39m[49m[0m
[32mPlacing toolgate: id = 2, price = 14.5473080543, position = 22.3615238316, edge = 24511548#3
[39m[49m[0m
[32mPlacing toolgate: id = 3, price = 80.6279311528, position = 39.0, edge = -96823254#0
[39m[49m[0m
[32mPlacing toolgate: id = 0, price = 81.2735035684, position = 33.0, edge = -24511548#2
[39m[49m[0m
[32mPlacing toolgate: id = 1, price = 42.0788913806, position = 32.9025284077, edge = 24511548#2
[39m[49m[0m
[32mPlacing toolgate: id = 2, price = 14.5473080543, position = 22.3615238316, edge = 24511548#3
[39m[49m[0m
[32mPlacing toolgate: id = 3, price = 80.6279311528, position = 39.0, edge = -96823254#0
[39m[49m[0m
[32mPlacing toolgate: id = 0, price = 81.2735035684, position = 33.0, edge = -24511548#2
[39m[49m[0m
[32mPlacing toolgate: id = 1, price = 42.1156718879, position = 32.9428782396, edge = 24511548#2
[39m[49m[0m
[32mPlacing toolgate: id = 2, price = 14.5473080543, position = 22.3615238316, edge = 24448028#1
[39m[49m[0m
[32mPlacing toolgate: id = 3, price = 80.6279311528, position = 39.0, edge = -96823254#0
[39m[49m[0m
[32mPlacing toolgate: id = 0, price = 81.2735035684, position = 33.0, edge = -24511548#2
[39m[49m[0m
[32mPlacing toolgate: id = 1, price = 42.1097462122, position = 32.9436744746, edge = 24511548#2
[39m[49m[0m
[32mPlacing toolgate: id = 2, price = 14.5473080543, position = 22.3615238316, edge = 24511548#3
[39m[49m[0m
[32mPlacing toolgate: id = 3, price = 80.6279311528, position = 39.0, edge = -96823254#0
[39m[49m[0m
[32mPlacing toolgate: id = 0, price = 81.2735035684, position = 33.0, edge = -24511548#2
[39m[49m[0m
[32mPlacing toolgate: id = 1, price = 42.0788913806, position = 32.9025284077, edge = 24511548#2
[39m[49m[0m
[32mPlacing toolgate: id = 2, price = 14.5473080543, position = 22.3615238316, edge = 24511548#3
[39m[49m[0m
[32mPlacing toolgate: id = 3, price = 79.106342889, position = 38.022992196, edge = -96823254#0
[39m[49m[0m
[32mPlacing toolgate: id = 0, price = 79.1354340441, position = 33.0, edge = -24511548#2
[39m[49m[0m
[32mPlacing toolgate: id = 1, price = 42.0788913806, position = 32.9025284077, edge = 24511548#2
[39m[49m[0m
[32mPlacing toolgate: id = 2, price = 14.5473080543, position = 22.477205035, edge = 24511548#3
[39m[49m[0m
[32mPlacing toolgate: id = 3, price = 80.6279311528, position = 39.0, edge = -96823254#0
[39m[49m[0m
[32mPlacing toolgate: id = 0, price = 80.0649502022, position = 33.0, edge = -24511548#2
[39m[49m[0m
[32mPlacing toolgate: id = 1, price = 42.0788913806, position = 32.9025284077, edge = 24511548#2
[39m[49m[0m
[32mPlacing toolgate: id = 2, price = 14.5473080543, position = 22.8123093159, edge = 24511548#3
[39m[49m[0m
[32mPlacing toolgate: id = 3, price = 80.6279311528, position = 39.0, edge = -96823254#0
[39m[49m[0m
[32mPlacing toolgate: id = 0, price = 81.2735035684, position = 33.0, edge = -24511548#2
[39m[49m[0m
[32mPlacing toolgate: id = 1, price = 42.1647277255, position = 33.0801236876, edge = 24511548#2
[39m[49m[0m
[32mPlacing toolgate: id = 2, price = 14.5473080543, position = 23.2786190038, edge = 24511548#2
[39m[49m[0m
[32mPlacing toolgate: id = 3, price = 80.6279311528, position = 39.0, edge = -96823254#0
[39m[49m[0m
17 	14    	3031.18	3033.88	22.7754	6585.31
[32mPlacing toolgate: id = 0, price = 79.1354340441, position = 33.0, edge = -24511548#2
[39m[49m[0m
[32mPlacing toolgate: id = 1, price = 42.0788913806, position = 32.9025284077, edge = 24511548#2
[39m[49m[0m
[32mPlacing toolgate: id = 2, price = 14.5473080543, position = 22.477205035, edge = 24511548#3
[39m[49m[0m
[32mPlacing toolgate: id = 3, price = 80.6279311528, position = 39.0, edge = -96823254#0
[39m[49m[0m
[32mPlacing toolgate: id = 0, price = 81.2735035684, position = 33.0, edge = -24511548#2
[39m[49m[0m
[32mPlacing toolgate: id = 1, price = 42.0788913806, position = 32.9025284077, edge = 24511548#2
[39m[49m[0m
[32mPlacing toolgate: id = 2, price = 14.5473080543, position = 22.3615238316, edge = 24511548#3
[39m[49m[0m
[32mPlacing toolgate: id = 3, price = 79.106342889, position = 38.022992196, edge = -96823254#0
[39m[49m[0m
[32mPlacing toolgate: id = 0, price = 81.2491601903, position = 33.0, edge = -24511548#2
[39m[49m[0m
[32mPlacing toolgate: id = 1, price = 42.095157674, position = 32.902009688, edge = 24511548#2
[39m[49m[0m
[32mPlacing toolgate: id = 2, price = 14.5473080543, position = 22.866595775, edge = 24511548#3
[39m[49m[0m
[32mPlacing toolgate: id = 3, price = 80.6279311528, position = 39.0, edge = -96823254#0
[39m[49m[0m
[32mPlacing toolgate: id = 0, price = 80.0892935804, position = 33.0, edge = -24511548#2
[39m[49m[0m
[32mPlacing toolgate: id = 1, price = 42.1397277375, position = 33.0812260224, edge = 24511548#2
[39m[49m[0m
[32mPlacing toolgate: id = 2, price = 14.5473080543, position = 22.3072373726, edge = 24511548#3
[39m[49m[0m
[32mPlacing toolgate: id = 3, price = 80.6279311528, position = 39.0, edge = -96823254#0
[39m[49m[0m
[32mPlacing toolgate: id = 0, price = 81.3970569871, position = 33.0, edge = -24511548#2
[39m[49m[0m
[32mPlacing toolgate: id = 1, price = 42.0677945807, position = 32.8911105177, edge = 24511548#2
[39m[49m[0m
[32mPlacing toolgate: id = 2, price = 14.5473080543, position = 22.4774954506, edge = 24511548#3
[39m[49m[0m
[32mPlacing toolgate: id = 3, price = 80.6279311528, position = 39.0, edge = -96823254#0
[39m[49m[0m
[32mPlacing toolgate: id = 0, price = 79.0118806254, position = 33.0, edge = -24511548#2
[39m[49m[0m
[32mPlacing toolgate: id = 1, price = 42.2715516486, position = 32.9781056598, edge = 24511548#2
[39m[49m[0m
[32mPlacing toolgate: id = 2, price = 14.5473080543, position = 22.361233416, edge = 24511548#3
[39m[49m[0m
[32mPlacing toolgate: id = 3, price = 80.6279311528, position = 39.0, edge = -96823254#0
[39m[49m[0m
[32mPlacing toolgate: id = 0, price = 80.4055093977, position = 33.0, edge = -24511548#2
[39m[49m[0m
[32mPlacing toolgate: id = 1, price = 42.1021214798, position = 33.0925664636, edge = 24511548#3
[39m[49m[0m
[32mPlacing toolgate: id = 2, price = 14.5473080543, position = 22.4650021648, edge = 24511548#3
[39m[49m[0m
[32mPlacing toolgate: id = 3, price = 80.6279311528, position = 39.0, edge = -96823254#0
[39m[49m[0m
[32mPlacing toolgate: id = 0, price = 80.9329443729, position = 33.0, edge = -24511548#2
[39m[49m[0m
[32mPlacing toolgate: id = 1, price = 42.1327639318, position = 32.8906692468, edge = 24511548#3
[39m[49m[0m
[32mPlacing toolgate: id = 2, price = 14.5473080543, position = 22.7088309827, edge = 24511548#3
[39m[49m[0m
[32mPlacing toolgate: id = 3, price = 80.6279311528, position = 39.0, edge = -96823254#0
[39m[49m[0m
[32mPlacing toolgate: id = 0, price = 81.2735035684, position = 33.0, edge = -24511548#2
[39m[49m[0m
[32mPlacing toolgate: id = 1, price = 42.1649204262, position = 33.0804615763, edge = 24511548#2
[39m[49m[0m
[32mPlacing toolgate: id = 2, price = 14.5473080543, position = 22.3615238316, edge = 24511548#3
[39m[49m[0m
[32mPlacing toolgate: id = 3, price = 80.6279311528, position = 39.0, edge = -96823254#0
[39m[49m[0m
[32mPlacing toolgate: id = 0, price = 81.2735035684, position = 33.0, edge = -24511548#2
[39m[49m[0m
[32mPlacing toolgate: id = 1, price = 44.2412977647, position = 33.0803694139, edge = 24511548#2
[39m[49m[0m
[32mPlacing toolgate: id = 2, price = 14.5473080543, position = 20.8487221876, edge = 24511548#3
[39m[49m[0m
[32mPlacing toolgate: id = 3, price = 80.6279311528, position = 39.0, edge = -96823254#0
[39m[49m[0m
[32mPlacing toolgate: id = 0, price = 81.2735035684, position = 33.0, edge = -24511548#2
[39m[49m[0m
[32mPlacing toolgate: id = 1, price = 42.1457169116, position = 32.8922233037, edge = 24511548#2
[39m[49m[0m
[32mPlacing toolgate: id = 2, price = 14.5473080543, position = 22.3615238316, edge = 24511548#3
[39m[49m[0m
[32mPlacing toolgate: id = 3, price = 79.6941770716, position = 38.2797565671, edge = -96823254#0
[39m[49m[0m
[32mPlacing toolgate: id = 0, price = 81.2735035684, position = 33.0, edge = -24511548#2
[39m[49m[0m
[32mPlacing toolgate: id = 1, price = 42.0891685, position = 33.0910124067, edge = 24511548#2
[39m[49m[0m
[32mPlacing toolgate: id = 2, price = 14.5473080543, position = 22.3615238316, edge = 24511548#3
[39m[49m[0m
[32mPlacing toolgate: id = 3, price = 80.0400969703, position = 38.7432356288, edge = -96823254#0
[39m[49m[0m
18 	12    	3016.85	3016.25	22.7754	6358.4 
[32mPlacing toolgate: id = 0, price = 81.2735035684, position = 33.0, edge = -24511548#2
[39m[49m[0m
[32mPlacing toolgate: id = 1, price = 42.1765219316, position = 32.9436744746, edge = 24511548#2
[39m[49m[0m
[32mPlacing toolgate: id = 2, price = 15.0736998824, position = 22.3615238316, edge = 24511548#3
[39m[49m[0m
[32mPlacing toolgate: id = 3, price = 80.6279311528, position = 39.0, edge = -24511548#1
[39m[49m[0m
[32mPlacing toolgate: id = 0, price = 81.3918270607, position = 33.0, edge = -24511548#2
[39m[49m[0m
[32mPlacing toolgate: id = 1, price = 42.160647961, position = 32.9461079207, edge = 24511548#2
[39m[49m[0m
[32mPlacing toolgate: id = 2, price = 14.5473080543, position = 22.3772564491, edge = 24511548#3
[39m[49m[0m
[32mPlacing toolgate: id = 3, price = 80.6279311528, position = 39.0, edge = -96823254#0
[39m[49m[0m
[32mPlacing toolgate: id = 0, price = 79.0171105518, position = 33.0, edge = -24511548#2
[39m[49m[0m
[32mPlacing toolgate: id = 1, price = 42.0742374506, position = 33.0371277897, edge = 24511548#2
[39m[49m[0m
[32mPlacing toolgate: id = 2, price = 14.5473080543, position = 22.4614724175, edge = 24511548#3
[39m[49m[0m
[32mPlacing toolgate: id = 3, price = 80.6279311528, position = 39.0, edge = -96823254#0
[39m[49m[0m
[32mPlacing toolgate: id = 0, price = 81.0421894476, position = 33.0, edge = -24511548#2
[39m[49m[0m
[32mPlacing toolgate: id = 1, price = 42.134631866, position = 32.9240779602, edge = 24511548#2
[39m[49m[0m
[32mPlacing toolgate: id = 2, price = 14.5473080543, position = 22.3174193212, edge = 24511548#3
[39m[49m[0m
[32mPlacing toolgate: id = 3, price = 80.6279311528, position = 39.0, edge = -96823254#0
[39m[49m[0m
[32mPlacing toolgate: id = 0, price = 81.1642584937, position = 33.0, edge = -24511548#2
[39m[49m[0m
[32mPlacing toolgate: id = 1, price = 42.1541260967, position = 33.0472985892, edge = 24511548#3
[39m[49m[0m
[32mPlacing toolgate: id = 2, price = 14.5473080543, position = 22.7529354932, edge = 24511548#3
[39m[49m[0m
[32mPlacing toolgate: id = 3, price = 80.6279311528, position = 39.0, edge = -96823254#0
[39m[49m[0m
19 	5     	3039.47	3038.97	22.7754	6290.92
[32mPlacing toolgate: id = 0, price = 81.2735035684, position = 33.0, edge = -24511548#2
[39m[49m[0m
[32mPlacing toolgate: id = 1, price = 42.1649204262, position = 33.0804615763, edge = 24511548#2
[39m[49m[0m
[32mPlacing toolgate: id = 2, price = 14.5473080543, position = 22.3615238316, edge = 24511548#3
[39m[49m[0m
[32mPlacing toolgate: id = 3, price = 80.6279311528, position = 39.0, edge = -96823254#0
[39m[49m[0m
[32mPlacing toolgate: id = 0, price = 81.2735035684, position = 33.0, edge = -24511548#2
[39m[49m[0m
[32mPlacing toolgate: id = 1, price = 42.1649204262, position = 33.0804615763, edge = 24511548#2
[39m[49m[0m
[32mPlacing toolgate: id = 2, price = 14.5473080543, position = 22.3615238316, edge = 24511548#3
[39m[49m[0m
[32mPlacing toolgate: id = 3, price = 80.6279311528, position = 39.0, edge = -96823254#0
[39m[49m[0m
[32mPlacing toolgate: id = 0, price = 81.2735035684, position = 33.0, edge = -96823244#6
[39m[49m[0m
[32mPlacing toolgate: id = 1, price = 40.2754543445, position = 33.0805565109, edge = 24511548#2
[39m[49m[0m
[32mPlacing toolgate: id = 2, price = 14.5473080543, position = 21.6450593494, edge = 24511548#3
[39m[49m[0m
[32mPlacing toolgate: id = 3, price = 80.6279311528, position = 39.0, edge = -96823254#0
[39m[49m[0m
[32mPlacing toolgate: id = 0, price = 81.2735035684, position = 33.0, edge = -24511548#2
[39m[49m[0m
[32mPlacing toolgate: id = 1, price = 42.1594285262, position = 33.080612368, edge = 24511548#2
[39m[49m[0m
[32mPlacing toolgate: id = 2, price = 14.5473080543, position = 22.3615238316, edge = 24511548#3
[39m[49m[0m
[32mPlacing toolgate: id = 3, price = 80.6279311528, position = 39.0, edge = -96823254#0
[39m[49m[0m
[32mPlacing toolgate: id = 0, price = 79.8826891482, position = 33.0, edge = -24511548#2
[39m[49m[0m
[32mPlacing toolgate: id = 1, price = 42.1630839854, position = 33.0801142751, edge = 24511548#2
[39m[49m[0m
[32mPlacing toolgate: id = 2, price = 14.5473080543, position = 22.7967136009, edge = 24511548#3
[39m[49m[0m
[32mPlacing toolgate: id = 3, price = 80.6279311528, position = 39.0, edge = -96823254#0
[39m[49m[0m
[32mPlacing toolgate: id = 0, price = 81.4801080006, position = 33.0, edge = -24511548#2
[39m[49m[0m
[32mPlacing toolgate: id = 1, price = 42.1413714775, position = 33.0812354348, edge = 24511548#2
[39m[49m[0m
[32mPlacing toolgate: id = 2, price = 14.5473080543, position = 22.3557154794, edge = 24511548#3
[39m[49m[0m
[32mPlacing toolgate: id = 3, price = 80.6279311528, position = 39.0, edge = -96823254#0
[39m[49m[0m
20 	6     	3121.78	3101.51	22.7754	6290.92
gen	nevals	avg    	std    	min    	max    
0  	20    	2440.67	2832.73	23.2029	8194.99
1  	10    	2808.54	3133.33	23.2029	9614.18
2  	9     	2584.46	2797.46	23.2029	7412.97
3  	8     	2620.97	2854.33	23.2029	8928.86
4  	7     	3066.05	3161   	23.2029	8850.14
5  	12    	2740.03	2839.83	23.2029	7148.17
6  	8     	3020.76	3061.12	23.1405	7777.4 
7  	7     	3036.55	3061.08	23.1405	6641.69
8  	9     	3053.28	3040.41	23.1405	6376.86
9  	8     	3089.46	3066.23	23.1405	6217.51
10 	13    	2965.46	2983.16	23.1405	6551.67
11 	6     	2933.16	2946.92	23.1405	6217.51
12 	13    	2982.48	2984.63	22.8096	6288.12
13 	11    	3136.55	3113.84	22.8096	6557.46
14 	9     	3005.2 	3012.8 	22.7975	6294.02
15 	10    	3060.39	3060.23	22.7975	6294.02
16 	15    	3189.04	3168.21	22.7754	6737.95
17 	14    	3031.18	3033.88	22.7754	6585.31
18 	12    	3016.85	3016.25	22.7754	6358.4 
19 	5     	3039.47	3038.97	22.7754	6290.92
20 	6     	3121.78	3101.51	22.7754	6290.92


price = 81.2735035684 edge_id = -24511548#2 edge_offset = 33.0

price = 42.1649204262 edge_id = 24511548#2 edge_offset = 33.0804615763

price = 14.5473080543 edge_id = 24511548#3 edge_offset = 22.3615238316

price = 80.6279311528 edge_id = -96823254#0 edge_offset = 39.0

price = 81.2735035684 edge_id = -24511548#2 edge_offset = 33.0

price = 42.1649204262 edge_id = 24511548#2 edge_offset = 33.0804615763

price = 14.5473080543 edge_id = 24511548#3 edge_offset = 22.3615238316

price = 80.6279311528 edge_id = -96823254#0 edge_offset = 39.0

price = 81.2735035684 edge_id = -24511548#2 edge_offset = 33.0

price = 42.155994031 edge_id = 24511548#2 edge_offset = 33.0807073026

price = 14.5473080543 edge_id = 24511548#3 edge_offset = 22.3615238316

price = 80.6279311528 edge_id = -96823254#0 edge_offset = 39.0

price = 81.2491601903 edge_id = -24511548#2 edge_offset = 33.0

price = 42.095157674 edge_id = 24511548#2 edge_offset = 32.902009688

price = 14.5473080543 edge_id = 24511548#3 edge_offset = 22.866595775

price = 80.6279311528 edge_id = -96823254#0 edge_offset = 39.0

price = 81.2735035684 edge_id = -96823244#6 edge_offset = 33.0

price = 40.2754543445 edge_id = 24511548#2 edge_offset = 33.0805565109

price = 14.5473080543 edge_id = 24511548#3 edge_offset = 21.6450593494

price = 80.6279311528 edge_id = -96823254#0 edge_offset = 39.0

price = 81.2735035684 edge_id = -24511548#2 edge_offset = 33.0

price = 42.1594285262 edge_id = 24511548#2 edge_offset = 33.080612368

price = 14.5473080543 edge_id = 24511548#3 edge_offset = 22.3615238316

price = 80.6279311528 edge_id = -96823254#0 edge_offset = 39.0

price = 81.2735035684 edge_id = -24511548#2 edge_offset = 33.0

price = 42.1647277255 edge_id = 24511548#2 edge_offset = 33.0801236876

price = 14.5473080543 edge_id = 24511548#3 edge_offset = 22.8451917077

price = 80.6279311528 edge_id = -96823254#0 edge_offset = 39.0

price = 81.2735035684 edge_id = -24511548#2 edge_offset = 33.0

price = 42.1647277255 edge_id = 24511548#2 edge_offset = 33.0801236876

price = 14.5473080543 edge_id = 24511548#3 edge_offset = 22.8451917077

price = 80.6279311528 edge_id = -96823254#0 edge_offset = 39.0

price = 81.2491601903 edge_id = -24511548#2 edge_offset = 33.0

price = 42.095157674 edge_id = 24511548#2 edge_offset = 32.902009688

price = 14.5473080543 edge_id = 24511548#3 edge_offset = 22.866595775

price = 80.6279311528 edge_id = -96823254#0 edge_offset = 39.0

price = 81.2491601903 edge_id = -24511548#2 edge_offset = 33.0

price = 42.095157674 edge_id = 24511548#2 edge_offset = 32.902009688

price = 14.5473080543 edge_id = 24511548#3 edge_offset = 22.866595775

price = 80.6279311528 edge_id = -96823254#0 edge_offset = 39.0

price = 79.8826891482 edge_id = -24511548#2 edge_offset = 33.0

price = 42.1630839854 edge_id = 24511548#2 edge_offset = 33.0801142751

price = 14.5473080543 edge_id = 24511548#3 edge_offset = 22.7967136009

price = 80.6279311528 edge_id = -96823254#0 edge_offset = 39.0

price = 81.4801080006 edge_id = -24511548#2 edge_offset = 33.0

price = 42.1413714775 edge_id = 24511548#2 edge_offset = 33.0812354348

price = 14.5473080543 edge_id = 24511548#3 edge_offset = 22.3557154794

price = 80.6279311528 edge_id = -96823254#0 edge_offset = 39.0

price = 81.2735035684 edge_id = -24511548#2 edge_offset = 33.0

price = 42.1649204262 edge_id = 24511548#2 edge_offset = 33.0804615763

price = 14.5473080543 edge_id = 24511548#3 edge_offset = 22.3615238316

price = 80.6279311528 edge_id = -96823254#0 edge_offset = 39.0

price = 79.0118806254 edge_id = -24511548#2 edge_offset = 33.0

price = 42.2715516486 edge_id = 24511548#2 edge_offset = 32.9781056598

price = 14.5473080543 edge_id = 24511548#3 edge_offset = 22.361233416

price = 80.6279311528 edge_id = -96823254#0 edge_offset = 39.0

price = 80.0892935804 edge_id = -24511548#2 edge_offset = 33.0

price = 42.1397277375 edge_id = 24511548#2 edge_offset = 33.0812260224

price = 14.5473080543 edge_id = 24511548#3 edge_offset = 22.3072373726

price = 80.6279311528 edge_id = -96823254#0 edge_offset = 39.0

price = 81.2735035684 edge_id = -24511548#2 edge_offset = 33.0

price = 42.1647277255 edge_id = 24511548#2 edge_offset = 33.0801236876

price = 14.5473080543 edge_id = 24511548#3 edge_offset = 22.8451917077

price = 80.6279311528 edge_id = -96823254#0 edge_offset = 39.0

price = 80.0649502022 edge_id = -24511548#2 edge_offset = 33.0

price = 42.0788913806 edge_id = 24511548#2 edge_offset = 32.9025284077

price = 14.5473080543 edge_id = 24511548#3 edge_offset = 22.8123093159

price = 80.6279311528 edge_id = -96823254#0 edge_offset = 39.0

price = 81.2735035684 edge_id = -24511548#2 edge_offset = 33.0

price = 42.155994031 edge_id = 24511548#2 edge_offset = 33.0807073026

price = 14.5473080543 edge_id = 24511548#3 edge_offset = 22.3615238316

price = 80.6279311528 edge_id = -96823254#0 edge_offset = 39.0

price = 81.2735035684 edge_id = -24511548#2 edge_offset = 33.0

price = 42.1647277255 edge_id = 24511548#2 edge_offset = 33.0801236876

price = 14.5473080543 edge_id = 24511548#3 edge_offset = 22.8451917077

price = 80.6279311528 edge_id = -96823254#0 edge_offset = 39.0

price = 81.2735035684 edge_id = -24511548#2 edge_offset = 33.0

price = 42.1649204262 edge_id = 24511548#2 edge_offset = 33.0804615763

price = 14.5473080543 edge_id = 24511548#3 edge_offset = 22.3615238316

price = 80.6279311528 edge_id = -96823254#0 edge_offset = 39.0


BEST


price = 81.2735035684 edge_id = -24511548#2 edge_offset = 33.0

price = 42.1647277255 edge_id = 24511548#2 edge_offset = 33.0801236876

price = 14.5473080543 edge_id = 24511548#3 edge_offset = 22.8451917077

price = 80.6279311528 edge_id = -96823254#0 edge_offset = 39.0

