
Generation 0

Individiaul 0 Fitness (31.222693575839486, 9167.726485443818) Price 66.0682621122 Edge 96823257 Offset 53
Individiaul 1 Fitness (29.388995375922768, 4043.2454253710166) Price 44.987284222 Edge -97817445#1 Offset 30
Individiaul 2 Fitness (29.342605381557625, 2760.856154885401) Price 44.0262688671 Edge -96823244#6 Offset 27
Individiaul 3 Fitness (31.437552803041182, 1489.8729636600433) Price 3.95238645961 Edge 96823244#0 Offset 47
Individiaul 4 Fitness (28.395505023233152, 3930.9073471419083) Price 78.0107022883 Edge 96823248 Offset 34
Individiaul 5 Fitness (31.624581695352713, 4385.2099391373395) Price 89.52133146 Edge 175565015#0 Offset 59
Individiaul 6 Fitness (27.730524525067317, 4403.671585030764) Price 29.5030122701 Edge -96823252#2 Offset 25
Individiaul 7 Fitness (29.353750385697975, 4022.650689791111) Price 22.4258616161 Edge 96823244#5 Offset 24
Individiaul 8 Fitness (31.222693575839486, 9183.979434472187) Price 66.0682621122 Edge 96823257 Offset 53
Individiaul 9 Fitness (30.478519098619284, 2221.90742752009) Price 85.4525023527 Edge -96823257 Offset 17
Individiaul 10 Fitness (27.46302362508728, 4354.636541300483) Price 97.2785800596 Edge 96823244#6 Offset 10
Individiaul 11 Fitness (29.519975204267517, 5094.995430293213) Price 69.6723619919 Edge 96823252#2 Offset 35
Individiaul 12 Fitness (40.29601152127099, 7599.217998348587) Price 89.52133146 Edge 175565015#0 Offset 59
Individiaul 13 Fitness (28.948957375077576, 6468.872921039352) Price 97.3420971477 Edge -24511548#2 Offset 26
Individiaul 14 Fitness (29.97886772339521, 6399.2366923783775) Price 39.8090074195 Edge 96823252#2 Offset 43
Individiaul 15 Fitness (31.12797933268289, 2984.9921106684146) Price 0.0191351722488 Edge -175565015#2 Offset 49
Individiaul 16 Fitness (28.34664850074853, 6357.400936591242) Price 73.6450993453 Edge 161671995#0 Offset 37
Individiaul 17 Fitness (26.770025846016722, 5176.496136653588) Price 25.3485504088 Edge -96823254#0 Offset 51
Individiaul 18 Fitness (32.26071241275916, 4050.4523872225263) Price 23.7649860967 Edge -96823252#2 Offset 10.3840768731
Individiaul 19 Fitness (35.64978461480986, 5248.379978998086) Price 43.1601832225 Edge 96823254#0 Offset 10.6159231269
Individiaul 20 Fitness (29.23172449549901, 5890.080924974871) Price 53.93214084 Edge 24511548#2 Offset 22
Individiaul 21 Fitness (29.460256150148076, 5192.65337390736) Price 10.2095596911 Edge 96823243 Offset 18
Individiaul 22 Fitness (29.388995375922768, 4043.2454253710166) Price 44.987284222 Edge -97817445#1 Offset 30
Individiaul 23 Fitness (27.949109854704112, 3600.889055240099) Price 91.422682848 Edge 24511548#3 Offset 60
Individiaul 24 Fitness (28.380615251770926, 6393.983726177108) Price 69.5819903778 Edge -24511548#0 Offset 55
Individiaul 25 Fitness (29.956747460127815, 5138.738741300238) Price 43.5366135805 Edge -96823244#0 Offset 38
Individiaul 26 Fitness (28.61463922376101, 5612.13021754771) Price 43.5366135805 Edge -96823244#0 Offset 38
Individiaul 27 Fitness (27.678801713452934, 3788.4365170951232) Price 12.8723776601 Edge -96823256 Offset 41.7980121554
Individiaul 28 Fitness (32.74468242698839, 5685.62142742303) Price 77.3492141464 Edge 97817445#1 Offset 23.2369961708
Individiaul 29 Fitness (28.343641350150513, 4297.446325957831) Price 60.7769774576 Edge 96823248 Offset 31.7630038292
Individiaul 30 Fitness (27.126028422151677, 5022.70141659015) Price 73.4849613977 Edge -24448028#1 Offset 41.8901074441
Individiaul 31 Fitness (31.67470126215118, 4856.069086990977) Price 80.080017906 Edge -24448028#1 Offset 40.1098925559
Individiaul 32 Fitness (31.293191594584766, 3226.8676992655114) Price 54.4669322455 Edge 96823250 Offset 11
Individiaul 33 Fitness (27.46302362508728, 4354.636541300483) Price 97.2785800596 Edge 96823244#6 Offset 10
Individiaul 34 Fitness (28.57149232148823, 4895.30993830289) Price 97.877310484 Edge 161671995#0 Offset 16
Individiaul 35 Fitness (28.34664850074853, 6357.400936591242) Price 73.6450993453 Edge 161671995#0 Offset 37
Individiaul 36 Fitness (29.65085300891112, 3458.618507622539) Price 62.8551902078 Edge -96823252#2 Offset 33.7231475051
Individiaul 37 Fitness (28.404944190556524, 2477.4919360596627) Price 83.2557782854 Edge -96823248 Offset 33.2768524949
Individiaul 38 Fitness (27.79992343410701, 5611.2708284731425) Price 28.8532330161 Edge -96823254#0 Offset 44
Individiaul 39 Fitness (29.967925657607793, 6837.269322291623) Price 99.467719832 Edge -24448028#2 Offset 46
Individiaul 40 Fitness (27.445484385211977, 6067.739039081823) Price 58.6339564061 Edge -96823252#2 Offset 16
Individiaul 41 Fitness (29.588316302072855, 4365.725991907208) Price 2.43701946147 Edge 161671995#2 Offset 52
Individiaul 42 Fitness (28.179899610154553, 4046.3998731933416) Price 36.0346309576 Edge 96823244#5 Offset 60
Individiaul 43 Fitness (31.437552803041182, 1489.8729636600433) Price 3.95238645961 Edge 96823244#0 Offset 47
Individiaul 44 Fitness (29.84117039329202, 3064.0182193125675) Price 53.1029398924 Edge 175565015#1 Offset 18.5210745031
Individiaul 45 Fitness (29.998848738153477, 4335.517011841506) Price 22.616194036 Edge -96823256 Offset 51.4789254969
Individiaul 46 Fitness (29.20327895380733, 8224.371714610488) Price 34.462556614 Edge -96823244#6 Offset 40.4272039701
Individiaul 47 Fitness (26.763542203343086, 3628.8031925721543) Price 45.8577135456 Edge -24511548#2 Offset 46.5727960299
Individiaul 48 Fitness (27.278923254303322, 2712.817610814371) Price 72.4299476764 Edge -96823253 Offset 60
Individiaul 49 Fitness (29.049441314935848, 5588.533351308963) Price 54.9717197509 Edge -96823244#6 Offset 36
Individiaul 50 Fitness (30.790419362099364, 3450.788386306295) Price 55.9876214012 Edge 96823252#1 Offset 39
Individiaul 51 Fitness (27.755787297557088, 1729.7683526223718) Price 10.5034331679 Edge -161671995#0 Offset 33
Individiaul 52 Fitness (29.185378404522226, 3445.8141746554656) Price 85.3348081974 Edge 24511548#0 Offset 30.8548804641
Individiaul 53 Fitness (28.400634236812135, 4413.30155627959) Price 12.2408058123 Edge 96823255 Offset 28.1451195359
Individiaul 54 Fitness (32.596818972321316, 5840.246801024128) Price 10.2825559071 Edge -96823252#2 Offset 10
Individiaul 55 Fitness (27.49434126847941, 3722.007338131828) Price 10.5705744583 Edge 175565015#1 Offset 59
Individiaul 56 Fitness (29.086587863919306, 4981.972736900594) Price 72.3576466464 Edge -96823252#0 Offset 27
Individiaul 57 Fitness (28.1252189055958, 4362.804587733815) Price 25.4026660772 Edge 96823243 Offset 51
Individiaul 58 Fitness (30.977108699255446, 3366.7156120197856) Price 65.3036511508 Edge 96823248 Offset 14
Individiaul 59 Fitness (29.075126267514044, 3343.6661990218236) Price 62.8816522545 Edge -96823245 Offset 50
Individiaul 60 Fitness (32.02772165819435, 2368.0308730901984) Price 47.2467027827 Edge 96823249#1 Offset 49.6281706646
Individiaul 61 Fitness (29.31348202770023, 2796.569982836494) Price 63.504258869 Edge 96823257 Offset 49.3718293354
Individiaul 62 Fitness (33.04043734018576, 4396.877255059486) Price 48.8904688797 Edge -96823248 Offset 18
Individiaul 63 Fitness (28.756963227203507, 4109.9335040747665) Price 49.6082825675 Edge 24511548#1 Offset 52
Individiaul 64 Fitness (30.2684043485198, 3669.420495471345) Price 38.8680694213 Edge -96823254#3 Offset 13
Individiaul 65 Fitness (30.595374666467205, 5564.115377538241) Price 10.0996548622 Edge -24448028#0 Offset 32
Individiaul 66 Fitness (28.417708632662908, 5808.369280432654) Price 69.5819903778 Edge -24511548#0 Offset 55
Individiaul 67 Fitness (29.588316302072855, 4365.725991907208) Price 2.43701946147 Edge 161671995#2 Offset 52
Individiaul 68 Fitness (29.11238941645168, 3554.469616948793) Price 8.03660341362 Edge -161671995#2 Offset 49
Individiaul 69 Fitness (29.075126267514044, 3343.6661990218236) Price 62.8816522545 Edge -96823245 Offset 50
Individiaul 70 Fitness (29.98882107128556, 3397.8740358029454) Price 52.3102636714 Edge -96823252#2 Offset 54
Individiaul 71 Fitness (28.334584175546375, 4708.937608857821) Price 78.5383426203 Edge 96823253 Offset 13
Individiaul 72 Fitness (30.312824698327585, 3308.728665481368) Price 15.4256573368 Edge 96823245 Offset 53
Individiaul 73 Fitness (28.620706014323662, 4519.113879085692) Price 7.03393791973 Edge 96823243 Offset 18
Individiaul 74 Fitness (29.032024900155136, 4020.2437004563267) Price 99.6328384637 Edge 175565015#1 Offset 60
Individiaul 75 Fitness (30.790419362099364, 3450.788386306295) Price 55.9876214012 Edge 96823252#1 Offset 39
Individiaul 76 Fitness (30.126621081723346, 3674.0050976885045) Price 46.8355352887 Edge 96823251 Offset 41.0930767647
Individiaul 77 Fitness (30.742896715727703, 1819.6151637000323) Price 46.0210583306 Edge 96823254#0 Offset 37.9069232353
Individiaul 78 Fitness (29.99782572993329, 2087.6338695148743) Price 54.487076335 Edge 175565015#1 Offset 51
Individiaul 79 Fitness (29.367517381924962, 5056.197953564773) Price 34.7554109445 Edge 161671995#0 Offset 17
Individiaul 80 Fitness (35.46798465111013, 19222.308582775866) Price 35.3096944825 Edge -96823255 Offset 56.580259549
Individiaul 81 Fitness (29.21731046801701, 5379.0134414626755) Price 44.1053707284 Edge -96823256 Offset 42.419740451
Individiaul 82 Fitness (27.258029357668725, 5685.59989526971) Price 63.3582279038 Edge -161671995#0 Offset 41.3892538595
Individiaul 83 Fitness (27.134044595741848, 5076.951448312662) Price 29.4123174794 Edge -175565015#0 Offset 50.6752040263
Individiaul 84 Fitness (27.97228670462667, 2980.925243875337) Price 22.8974416086 Edge -96823249#2 Offset 39.1933845277
Individiaul 85 Fitness (27.126128925715324, 3815.372138634014) Price 39.6030613812 Edge -96823249#0 Offset 40.8066154723
Individiaul 86 Fitness (28.080391690476866, 5526.058538660837) Price 64.1329740849 Edge 96823249#2 Offset 41.8080439957
Individiaul 87 Fitness (30.773089205945695, 4872.6998727303735) Price 61.9347888901 Edge -96823254#0 Offset 49.1919560043
Individiaul 88 Fitness (30.930978949876522, 3958.7617789196506) Price 61.4805308468 Edge 96823250 Offset 50.2624499789
Individiaul 89 Fitness (29.721669525329276, 4145.087085193047) Price 55.8881977427 Edge -24448028#1 Offset 50.7375500211
Individiaul 90 Fitness (29.828186096497017, 7178.168833253641) Price 39.8090074195 Edge 96823252#2 Offset 43
Individiaul 91 Fitness (29.09000725617589, 5975.248460252837) Price 98.3946354876 Edge -24448028#0 Offset 38
Individiaul 92 Fitness (28.50975635989999, 6507.292089174253) Price 93.3842388454 Edge -96823244#0 Offset 44
Individiaul 93 Fitness (27.897363269418122, 2761.5645944613025) Price 72.4299476764 Edge -96823253 Offset 60
Individiaul 94 Fitness (28.750371409978534, 5369.945505194183) Price 72.3576466464 Edge -96823252#0 Offset 27
Individiaul 95 Fitness (27.755787297557088, 1729.7683526223718) Price 10.5034331679 Edge -161671995#0 Offset 33
Individiaul 96 Fitness (28.551803864011873, 4897.734811306809) Price 97.877310484 Edge 161671995#0 Offset 16
Individiaul 97 Fitness (29.342605381557625, 2760.856154885401) Price 44.0262688671 Edge -96823244#6 Offset 27
Individiaul 98 Fitness (29.23172449549901, 5922.212067540274) Price 56.7562230304 Edge 24511548#2 Offset 22
Individiaul 99 Fitness (27.755652412100396, 1748.2485516181125) Price 69.2424890152 Edge 24511548#1 Offset 13


gen	evals	min    	avg    	max    	std    
0  	2    	26.7635	2313.77	19222.3	2736.42


Generation 1

Individiaul 0 Fitness (28.36108414636566, 4466.422899591354) Price 47.3124468489 Edge -24511548#1 Offset 51.87540575
Individiaul 1 Fitness (30.02191826322055, 3885.90662391392) Price 22.1164880954 Edge 96823243 Offset 26.12459425
Individiaul 2 Fitness (27.746432725842606, 4743.601008115609) Price 71.5354731225 Edge 175565015#2 Offset 54.0503977622
Individiaul 3 Fitness (28.81588980051726, 5869.515394561155) Price 64.2527024577 Edge -96823251 Offset 47.3388560973
Individiaul 4 Fitness (26.95961441907496, 3421.830013982179) Price 45.8577135456 Edge -24511548#2 Offset 46.5727960299
Individiaul 5 Fitness (27.169353166147623, 5758.729889259454) Price 21.0212753582 Edge -175565015#2 Offset 15.7552253997
Individiaul 6 Fitness (28.06568857109272, 4729.699069013079) Price 105.110537717 Edge 96823256 Offset 38.2447746003
Individiaul 7 Fitness (28.684425089844446, 3484.4242846821894) Price 32.8522743145 Edge -24448028#0 Offset 33.9622634836
Individiaul 8 Fitness (27.95668375092804, 4058.835572478098) Price 56.2566427641 Edge 175565015#1 Offset 38.0377365164
Individiaul 9 Fitness (30.025219148132912, 6417.782255264117) Price 71.6340041567 Edge 96823249#0 Offset 30.4098406491
Individiaul 10 Fitness (26.52699559878011, 3464.7848396045947) Price 60.6450515947 Edge 97817445#1 Offset 22.5901593509
Individiaul 11 Fitness (29.539785901161633, 5702.535504984755) Price 61.1564202489 Edge 96823243 Offset 10.1221170416
Individiaul 12 Fitness (28.0002861043525, 4414.90302048046) Price 22.8802022345 Edge 96823243 Offset 56.8778829584
Individiaul 13 Fitness (28.30283979452533, 3306.409336411916) Price 61.53352745 Edge -97817445#1 Offset 61.7822025746
Individiaul 14 Fitness (32.068652650838665, 3192.12047048313) Price 66.7846179692 Edge 96823252#1 Offset 48.9553474466
Individiaul 15 Fitness (29.942464219530603, 5996.493359380002) Price 60.3376044631 Edge -96823257 Offset 48.9765605969
Individiaul 16 Fitness (30.55555537693626, 3886.4429106351213) Price 61.1780041975 Edge -24448028#1 Offset 17.0234394031
Individiaul 17 Fitness (27.126028422151677, 5022.701416590149) Price 73.4849613977 Edge -24448028#1 Offset 41.8901074441
Individiaul 18 Fitness (27.126028422151677, 5022.701416590149) Price 73.4849613977 Edge -24448028#1 Offset 41.8901074441
Individiaul 19 Fitness (27.67030047620208, 3649.3975583920874) Price 60.0058978856 Edge 96823248 Offset 42.9535812558
Individiaul 20 Fitness (27.900126939102723, 4493.0382658903345) Price 52.027111172 Edge -96823249#1 Offset 57.8530342164
Individiaul 21 Fitness (31.158887562947474, 2666.9023151758834) Price 69.8129847969 Edge 96823254#3 Offset 25.7120773973
Individiaul 22 Fitness (31.58629352003548, 3714.1552066704744) Price 57.0321246209 Edge -96823249#2 Offset 25.2879226027
Individiaul 23 Fitness (29.69464289970683, 4688.448899667942) Price 72.7718702834 Edge -161671995#2 Offset 35.1170186812
Individiaul 24 Fitness (29.119297280912043, 5549.933164510523) Price 73.2308757084 Edge 96823253 Offset 28.8829813188
Individiaul 25 Fitness (29.508125230336663, 4953.668803822839) Price 43.7964606645 Edge -96823248 Offset 33.0335962394
Individiaul 26 Fitness (27.053920393846983, 4010.7383904423637) Price 49.7387415567 Edge -96823244#5 Offset 29.7730192329
Individiaul 27 Fitness (28.53967730361096, 4826.394317971899) Price 67.7914521475 Edge -96823254#3 Offset 33.1271682976
Individiaul 28 Fitness (28.478355672709416, 4813.161249275265) Price 63.3858257578 Edge 96823244#0 Offset 29.0647877067
Individiaul 29 Fitness (29.280728020134216, 4142.321353534946) Price 50.6680447046 Edge 24511548#1 Offset 52
Individiaul 30 Fitness (29.388995375922768, 4043.2454253710166) Price 44.987284222 Edge -97817445#1 Offset 30
Individiaul 31 Fitness (26.994662338491686, 5655.750243956942) Price 51.2416758933 Edge 96823249#1 Offset 57.7162675386
Individiaul 32 Fitness (28.300489466973676, 2123.4352263222954) Price 31.691704951 Edge -96823250 Offset 35.2837324614
Individiaul 33 Fitness (28.213839335988467, 3575.880907907804) Price 57.5776998984 Edge -175565015#0 Offset 20.2314818233
